Device: cuda
Building datasets …
  Preloading 35,087 weather files …
  Weather cache ready.
  Preloading 8,832 weather files …
  Weather cache ready.
  Train samples: 34,992   Val samples: 8,737
  Demand stats — mean: 1660.5 MW, std: 345.1 MW
  Trainable parameters: 876,808
  Transformer sequence length: 2,496 tokens
  Epoch 1 [437/2187]  loss: 109.32 MW
  Epoch 1 [874/2187]  loss: 94.80 MW
  Epoch 1 [1311/2187]  loss: 86.80 MW
  Epoch 1 [1748/2187]  loss: 92.90 MW
  Epoch 1 [2185/2187]  loss: 66.39 MW
Epoch   1/50  train: 99.31  val: 84.88  (433s)
  ✓ Saved best model  (val_loss=84.88)
  Epoch 2 [437/2187]  loss: 70.75 MW
  Epoch 2 [874/2187]  loss: 61.61 MW
  Epoch 2 [1311/2187]  loss: 51.67 MW
  Epoch 2 [1748/2187]  loss: 44.84 MW
  Epoch 2 [2185/2187]  loss: 53.53 MW
Epoch   2/50  train: 59.47  val: 72.68  (436s)
  ✓ Saved best model  (val_loss=72.68)
  Epoch 3 [437/2187]  loss: 53.99 MW
  Epoch 3 [874/2187]  loss: 46.61 MW
  Epoch 3 [1311/2187]  loss: 44.67 MW
  Epoch 3 [1748/2187]  loss: 40.20 MW
  Epoch 3 [2185/2187]  loss: 36.71 MW
Epoch   3/50  train: 45.61  val: 69.96  (435s)
  ✓ Saved best model  (val_loss=69.96)
  Epoch 4 [437/2187]  loss: 36.95 MW
  Epoch 4 [874/2187]  loss: 48.59 MW
  Epoch 4 [1311/2187]  loss: 32.89 MW
  Epoch 4 [1748/2187]  loss: 44.02 MW
  Epoch 4 [2185/2187]  loss: 36.70 MW
Epoch   4/50  train: 38.39  val: 67.53  (435s)
  ✓ Saved best model  (val_loss=67.53)
  Epoch 5 [437/2187]  loss: 33.04 MW
  Epoch 5 [874/2187]  loss: 30.48 MW
  Epoch 5 [1311/2187]  loss: 30.06 MW
  Epoch 5 [1748/2187]  loss: 30.21 MW
  Epoch 5 [2185/2187]  loss: 30.28 MW
Epoch   5/50  train: 33.60  val: 65.46  (435s)
  ✓ Saved best model  (val_loss=65.46)
  Epoch 6 [437/2187]  loss: 33.18 MW
  Epoch 6 [874/2187]  loss: 34.97 MW
  Epoch 6 [1311/2187]  loss: 32.14 MW
  Epoch 6 [1748/2187]  loss: 32.17 MW
  Epoch 6 [2185/2187]  loss: 27.00 MW
Epoch   6/50  train: 30.50  val: 65.71  (435s)
  Epoch 7 [437/2187]  loss: 27.59 MW
  Epoch 7 [874/2187]  loss: 28.94 MW
  Epoch 7 [1311/2187]  loss: 24.77 MW
  Epoch 7 [1748/2187]  loss: 23.61 MW
  Epoch 7 [2185/2187]  loss: 25.33 MW
Epoch   7/50  train: 28.13  val: 64.27  (435s)
  ✓ Saved best model  (val_loss=64.27)
  Epoch 8 [437/2187]  loss: 27.15 MW
  Epoch 8 [874/2187]  loss: 31.18 MW
  Epoch 8 [1311/2187]  loss: 27.59 MW
  Epoch 8 [1748/2187]  loss: 27.65 MW
  Epoch 8 [2185/2187]  loss: 25.33 MW
Epoch   8/50  train: 26.53  val: 65.09  (435s)
  Epoch 9 [437/2187]  loss: 21.39 MW
  Epoch 9 [874/2187]  loss: 26.40 MW
  Epoch 9 [1311/2187]  loss: 22.75 MW
  Epoch 9 [1748/2187]  loss: 25.86 MW
  Epoch 9 [2185/2187]  loss: 21.40 MW
Epoch   9/50  train: 25.07  val: 63.18  (435s)
  ✓ Saved best model  (val_loss=63.18)
  Epoch 10 [437/2187]  loss: 24.68 MW
  Epoch 10 [874/2187]  loss: 24.97 MW
  Epoch 10 [1311/2187]  loss: 26.14 MW
  Epoch 10 [1748/2187]  loss: 24.18 MW
  Epoch 10 [2185/2187]  loss: 24.04 MW
Epoch  10/50  train: 23.83  val: 63.61  (435s)
  Epoch 11 [437/2187]  loss: 23.28 MW
  Epoch 11 [874/2187]  loss: 21.51 MW
  Epoch 11 [1311/2187]  loss: 24.71 MW
  Epoch 11 [1748/2187]  loss: 22.37 MW
  Epoch 11 [2185/2187]  loss: 21.38 MW
Epoch  11/50  train: 22.91  val: 64.72  (434s)
  Epoch 12 [437/2187]  loss: 21.51 MW
  Epoch 12 [874/2187]  loss: 21.70 MW
  Epoch 12 [1311/2187]  loss: 25.07 MW
  Epoch 12 [1748/2187]  loss: 20.18 MW
  Epoch 12 [2185/2187]  loss: 24.59 MW
Epoch  12/50  train: 22.12  val: 62.19  (435s)
  ✓ Saved best model  (val_loss=62.19)
  Epoch 13 [437/2187]  loss: 24.48 MW
  Epoch 13 [874/2187]  loss: 27.55 MW
  Epoch 13 [1311/2187]  loss: 18.66 MW
  Epoch 13 [1748/2187]  loss: 24.09 MW
  Epoch 13 [2185/2187]  loss: 22.93 MW
Epoch  13/50  train: 21.26  val: 60.92  (435s)
  ✓ Saved best model  (val_loss=60.92)
  Epoch 14 [437/2187]  loss: 19.95 MW
  Epoch 14 [874/2187]  loss: 23.80 MW
  Epoch 14 [1311/2187]  loss: 19.01 MW
  Epoch 14 [1748/2187]  loss: 18.80 MW
  Epoch 14 [2185/2187]  loss: 20.55 MW
Epoch  14/50  train: 20.68  val: 62.53  (434s)
  Epoch 15 [437/2187]  loss: 24.01 MW
  Epoch 15 [874/2187]  loss: 20.67 MW
  Epoch 15 [1311/2187]  loss: 18.88 MW
  Epoch 15 [1748/2187]  loss: 21.42 MW
  Epoch 15 [2185/2187]  loss: 20.47 MW
Epoch  15/50  train: 20.18  val: 61.15  (435s)
  Epoch 16 [437/2187]  loss: 20.33 MW
  Epoch 16 [874/2187]  loss: 18.11 MW
  Epoch 16 [1311/2187]  loss: 23.79 MW
  Epoch 16 [1748/2187]  loss: 18.33 MW
  Epoch 16 [2185/2187]  loss: 15.96 MW
Epoch  16/50  train: 19.68  val: 61.06  (434s)
  Epoch 17 [437/2187]  loss: 18.59 MW
  Epoch 17 [874/2187]  loss: 17.73 MW
  Epoch 17 [1311/2187]  loss: 21.44 MW
  Epoch 17 [1748/2187]  loss: 17.91 MW
  Epoch 17 [2185/2187]  loss: 18.78 MW
Epoch  17/50  train: 19.27  val: 62.36  (435s)
  Epoch 18 [437/2187]  loss: 23.53 MW
  Epoch 18 [874/2187]  loss: 17.39 MW
  Epoch 18 [1311/2187]  loss: 16.56 MW
  Epoch 18 [1748/2187]  loss: 16.44 MW
  Epoch 18 [2185/2187]  loss: 19.09 MW
Epoch  18/50  train: 18.88  val: 61.52  (435s)
  Epoch 19 [437/2187]  loss: 21.35 MW
  Epoch 19 [874/2187]  loss: 20.90 MW
  Epoch 19 [1311/2187]  loss: 18.75 MW
  Epoch 19 [1748/2187]  loss: 16.37 MW
  Epoch 19 [2185/2187]  loss: 17.70 MW
Epoch  19/50  train: 18.48  val: 61.75  (435s)
  Epoch 20 [437/2187]  loss: 16.15 MW
  Epoch 20 [874/2187]  loss: 15.54 MW
  Epoch 20 [1311/2187]  loss: 20.44 MW
  Epoch 20 [1748/2187]  loss: 15.78 MW
  Epoch 20 [2185/2187]  loss: 16.15 MW
Epoch  20/50  train: 18.21  val: 63.05  (434s)
  Epoch 21 [437/2187]  loss: 16.58 MW
  Epoch 21 [874/2187]  loss: 16.93 MW
  Epoch 21 [1311/2187]  loss: 21.33 MW
  Epoch 21 [1748/2187]  loss: 16.82 MW
  Epoch 21 [2185/2187]  loss: 18.65 MW
Epoch  21/50  train: 17.79  val: 61.37  (435s)
  Epoch 22 [437/2187]  loss: 15.74 MW
  Epoch 22 [874/2187]  loss: 15.98 MW
  Epoch 22 [1311/2187]  loss: 16.36 MW
  Epoch 22 [1748/2187]  loss: 17.23 MW
  Epoch 22 [2185/2187]  loss: 14.34 MW
Epoch  22/50  train: 17.59  val: 62.46  (434s)
  Epoch 23 [437/2187]  loss: 16.34 MW
  Epoch 23 [874/2187]  loss: 16.25 MW
  Epoch 23 [1311/2187]  loss: 18.43 MW
  Epoch 23 [1748/2187]  loss: 19.31 MW
  Epoch 23 [2185/2187]  loss: 16.79 MW
Epoch  23/50  train: 17.18  val: 60.57  (434s)
  ✓ Saved best model  (val_loss=60.57)
  Epoch 24 [437/2187]  loss: 15.82 MW
  Epoch 24 [874/2187]  loss: 14.39 MW
  Epoch 24 [1311/2187]  loss: 17.41 MW
  Epoch 24 [1748/2187]  loss: 17.48 MW
  Epoch 24 [2185/2187]  loss: 14.47 MW
Epoch  24/50  train: 16.82  val: 61.73  (434s)
  Epoch 25 [437/2187]  loss: 17.38 MW
  Epoch 25 [874/2187]  loss: 15.59 MW
  Epoch 25 [1311/2187]  loss: 17.04 MW
  Epoch 25 [1748/2187]  loss: 15.86 MW
  Epoch 25 [2185/2187]  loss: 17.65 MW
Epoch  25/50  train: 16.74  val: 61.64  (435s)
  Epoch 26 [437/2187]  loss: 17.92 MW
  Epoch 26 [874/2187]  loss: 16.40 MW
  Epoch 26 [1311/2187]  loss: 18.16 MW
  Epoch 26 [1748/2187]  loss: 16.51 MW
  Epoch 26 [2185/2187]  loss: 22.81 MW
Epoch  26/50  train: 16.55  val: 61.90  (434s)
  Epoch 27 [437/2187]  loss: 19.46 MW
  Epoch 27 [874/2187]  loss: 19.17 MW
  Epoch 27 [1311/2187]  loss: 15.77 MW
  Epoch 27 [1748/2187]  loss: 16.33 MW
  Epoch 27 [2185/2187]  loss: 13.62 MW
Epoch  27/50  train: 16.27  val: 61.61  (435s)
  Epoch 28 [437/2187]  loss: 14.10 MW
  Epoch 28 [874/2187]  loss: 16.26 MW
  Epoch 28 [1311/2187]  loss: 16.23 MW
  Epoch 28 [1748/2187]  loss: 16.38 MW
  Epoch 28 [2185/2187]  loss: 16.10 MW
Epoch  28/50  train: 16.03  val: 61.90  (435s)
  Epoch 29 [437/2187]  loss: 16.77 MW
  Epoch 29 [874/2187]  loss: 16.36 MW
  Epoch 29 [1311/2187]  loss: 15.46 MW
  Epoch 29 [1748/2187]  loss: 18.50 MW
  Epoch 29 [2185/2187]  loss: 15.70 MW
Epoch  29/50  train: 15.97  val: 61.24  (435s)
  Epoch 30 [437/2187]  loss: 15.28 MW
  Epoch 30 [874/2187]  loss: 15.02 MW
  Epoch 30 [1311/2187]  loss: 15.36 MW
  Epoch 30 [1748/2187]  loss: 15.68 MW
  Epoch 30 [2185/2187]  loss: 13.96 MW
Epoch  30/50  train: 15.74  val: 61.03  (435s)
  Epoch 31 [437/2187]  loss: 15.01 MW
  Epoch 31 [874/2187]  loss: 14.41 MW
  Epoch 31 [1311/2187]  loss: 14.95 MW
  Epoch 31 [1748/2187]  loss: 18.81 MW
  Epoch 31 [2185/2187]  loss: 15.86 MW
Epoch  31/50  train: 15.60  val: 62.14  (435s)
  Epoch 32 [437/2187]  loss: 16.71 MW
  Epoch 32 [874/2187]  loss: 13.58 MW
  Epoch 32 [1311/2187]  loss: 17.49 MW
  Epoch 32 [1748/2187]  loss: 15.76 MW
  Epoch 32 [2185/2187]  loss: 13.78 MW
Epoch  32/50  train: 15.39  val: 61.55  (435s)
  Epoch 33 [437/2187]  loss: 15.35 MW
  Epoch 33 [874/2187]  loss: 15.36 MW
  Epoch 33 [1311/2187]  loss: 16.83 MW
  Epoch 33 [1748/2187]  loss: 15.65 MW
  Epoch 33 [2185/2187]  loss: 13.23 MW
Epoch  33/50  train: 15.21  val: 61.41  (435s)
  Epoch 34 [437/2187]  loss: 16.16 MW
  Epoch 34 [874/2187]  loss: 18.47 MW
  Epoch 34 [1311/2187]  loss: 17.08 MW
  Epoch 34 [1748/2187]  loss: 15.63 MW
  Epoch 34 [2185/2187]  loss: 12.87 MW
Epoch  34/50  train: 15.07  val: 62.24  (435s)
  Epoch 35 [437/2187]  loss: 15.62 MW
  Epoch 35 [874/2187]  loss: 15.33 MW
  Epoch 35 [1311/2187]  loss: 13.49 MW
  Epoch 35 [1748/2187]  loss: 16.07 MW
  Epoch 35 [2185/2187]  loss: 15.72 MW
Epoch  35/50  train: 14.94  val: 61.75  (435s)
  Epoch 36 [437/2187]  loss: 14.46 MW
  Epoch 36 [874/2187]  loss: 18.78 MW
  Epoch 36 [1311/2187]  loss: 14.41 MW
  Epoch 36 [1748/2187]  loss: 14.61 MW
  Epoch 36 [2185/2187]  loss: 13.48 MW
Epoch  36/50  train: 14.81  val: 61.53  (435s)
  Epoch 37 [437/2187]  loss: 13.02 MW
  Epoch 37 [874/2187]  loss: 13.16 MW
  Epoch 37 [1311/2187]  loss: 12.13 MW
  Epoch 37 [1748/2187]  loss: 15.42 MW
  Epoch 37 [2185/2187]  loss: 13.28 MW
Epoch  37/50  train: 14.64  val: 62.20  (435s)
  Epoch 38 [437/2187]  loss: 18.48 MW
  Epoch 38 [874/2187]  loss: 14.34 MW
  Epoch 38 [1311/2187]  loss: 13.58 MW
  Epoch 38 [1748/2187]  loss: 13.95 MW
  Epoch 38 [2185/2187]  loss: 12.67 MW
Epoch  38/50  train: 14.55  val: 61.95  (435s)
  Epoch 39 [437/2187]  loss: 14.34 MW
  Epoch 39 [874/2187]  loss: 15.85 MW
  Epoch 39 [1311/2187]  loss: 13.84 MW
  Epoch 39 [1748/2187]  loss: 15.21 MW
  Epoch 39 [2185/2187]  loss: 15.66 MW
Epoch  39/50  train: 14.48  val: 61.68  (435s)
  Epoch 40 [437/2187]  loss: 15.20 MW
  Epoch 40 [874/2187]  loss: 13.32 MW
  Epoch 40 [1311/2187]  loss: 16.34 MW
  Epoch 40 [1748/2187]  loss: 12.78 MW
  Epoch 40 [2185/2187]  loss: 14.86 MW
Epoch  40/50  train: 14.43  val: 62.37  (435s)
  Epoch 41 [437/2187]  loss: 13.33 MW
  Epoch 41 [874/2187]  loss: 12.58 MW
  Epoch 41 [1311/2187]  loss: 15.12 MW
  Epoch 41 [1748/2187]  loss: 16.31 MW
  Epoch 41 [2185/2187]  loss: 12.96 MW
Epoch  41/50  train: 14.22  val: 62.41  (434s)
  Epoch 42 [437/2187]  loss: 14.72 MW
  Epoch 42 [874/2187]  loss: 13.13 MW
  Epoch 42 [1311/2187]  loss: 12.51 MW
  Epoch 42 [1748/2187]  loss: 14.52 MW
  Epoch 42 [2185/2187]  loss: 12.20 MW
Epoch  42/50  train: 14.10  val: 62.90  (435s)
  Epoch 43 [437/2187]  loss: 15.31 MW
  Epoch 43 [874/2187]  loss: 13.18 MW
  Epoch 43 [1311/2187]  loss: 13.77 MW
  Epoch 43 [1748/2187]  loss: 13.21 MW
  Epoch 43 [2185/2187]  loss: 13.19 MW
Epoch  43/50  train: 14.04  val: 61.46  (435s)
  Epoch 44 [437/2187]  loss: 13.80 MW
  Epoch 44 [874/2187]  loss: 16.29 MW
  Epoch 44 [1311/2187]  loss: 13.54 MW
  Epoch 44 [1748/2187]  loss: 16.62 MW
  Epoch 44 [2185/2187]  loss: 14.43 MW
Epoch  44/50  train: 14.01  val: 60.94  (435s)
  Epoch 45 [437/2187]  loss: 13.72 MW
  Epoch 45 [874/2187]  loss: 13.16 MW
  Epoch 45 [1311/2187]  loss: 14.22 MW
  Epoch 45 [1748/2187]  loss: 12.41 MW
  Epoch 45 [2185/2187]  loss: 16.60 MW
Epoch  45/50  train: 13.92  val: 62.11  (435s)
  Epoch 46 [437/2187]  loss: 12.40 MW
  Epoch 46 [874/2187]  loss: 13.95 MW
  Epoch 46 [1311/2187]  loss: 14.11 MW
  Epoch 46 [1748/2187]  loss: 12.51 MW
  Epoch 46 [2185/2187]  loss: 12.37 MW
Epoch  46/50  train: 13.72  val: 60.71  (434s)
  Epoch 47 [437/2187]  loss: 13.17 MW
  Epoch 47 [874/2187]  loss: 13.18 MW
  Epoch 47 [1311/2187]  loss: 13.62 MW
  Epoch 47 [1748/2187]  loss: 14.36 MW
  Epoch 47 [2185/2187]  loss: 12.65 MW
Epoch  47/50  train: 13.67  val: 62.10  (435s)
  Epoch 48 [437/2187]  loss: 12.56 MW
  Epoch 48 [874/2187]  loss: 12.34 MW
  Epoch 48 [1311/2187]  loss: 11.05 MW
  Epoch 48 [1748/2187]  loss: 12.98 MW
  Epoch 48 [2185/2187]  loss: 15.79 MW
Epoch  48/50  train: 13.55  val: 62.31  (435s)
  Epoch 49 [437/2187]  loss: 14.07 MW
  Epoch 49 [874/2187]  loss: 14.88 MW
  Epoch 49 [1311/2187]  loss: 13.58 MW
  Epoch 49 [1748/2187]  loss: 14.01 MW
  Epoch 49 [2185/2187]  loss: 15.21 MW
Epoch  49/50  train: 13.45  val: 62.99  (435s)
  Epoch 50 [437/2187]  loss: 14.11 MW
  Epoch 50 [874/2187]  loss: 14.57 MW
  Epoch 50 [1311/2187]  loss: 13.86 MW
  Epoch 50 [1748/2187]  loss: 16.74 MW
  Epoch 50 [2185/2187]  loss: 12.84 MW
Epoch  50/50  train: 13.40  val: 61.16  (435s)

Training complete.  Best val loss: 60.57
