Device: cuda
Building datasets …
  Preloading 35,063 weather files …
  Weather cache ready.
  Preloading 8,855 weather files …
  Weather cache ready.
  Train samples: 34,873   Val samples: 8,760
[Hierarchical] Spatial seq len: 25, Temporal seq len: 96
  Demand stats — mean: 1644.8 MW, std: 338.1 MW
  Trainable parameters: 1,273,608
  Spatial seq len: 25 tokens  |  Temporal seq len: 96 tokens
  Epoch 1 [436/2180]  loss: 104.29 MW
  Epoch 1 [872/2180]  loss: 80.96 MW
  Epoch 1 [1308/2180]  loss: 70.56 MW
  Epoch 1 [1744/2180]  loss: 60.83 MW
  Epoch 1 [2180/2180]  loss: 51.03 MW
Epoch   1/50  train: 89.00  val: 66.03  (75s)
  ✓ Saved best model  (val_loss=66.03)
  Epoch 2 [436/2180]  loss: 62.06 MW
  Epoch 2 [872/2180]  loss: 55.69 MW
  Epoch 2 [1308/2180]  loss: 49.48 MW
  Epoch 2 [1744/2180]  loss: 53.42 MW
  Epoch 2 [2180/2180]  loss: 49.61 MW
Epoch   2/50  train: 55.48  val: 55.98  (73s)
  ✓ Saved best model  (val_loss=55.98)
  Epoch 3 [436/2180]  loss: 52.14 MW
  Epoch 3 [872/2180]  loss: 50.24 MW
  Epoch 3 [1308/2180]  loss: 41.13 MW
  Epoch 3 [1744/2180]  loss: 39.94 MW
  Epoch 3 [2180/2180]  loss: 41.99 MW
Epoch   3/50  train: 45.98  val: 53.52  (73s)
  ✓ Saved best model  (val_loss=53.52)
  Epoch 4 [436/2180]  loss: 41.43 MW
  Epoch 4 [872/2180]  loss: 32.22 MW
  Epoch 4 [1308/2180]  loss: 40.20 MW
  Epoch 4 [1744/2180]  loss: 40.61 MW
  Epoch 4 [2180/2180]  loss: 37.91 MW
Epoch   4/50  train: 40.01  val: 49.64  (73s)
  ✓ Saved best model  (val_loss=49.64)
  Epoch 5 [436/2180]  loss: 34.85 MW
  Epoch 5 [872/2180]  loss: 41.29 MW
  Epoch 5 [1308/2180]  loss: 31.61 MW
  Epoch 5 [1744/2180]  loss: 40.17 MW
  Epoch 5 [2180/2180]  loss: 35.71 MW
Epoch   5/50  train: 35.90  val: 47.00  (73s)
  ✓ Saved best model  (val_loss=47.00)
  Epoch 6 [436/2180]  loss: 32.47 MW
  Epoch 6 [872/2180]  loss: 33.92 MW
  Epoch 6 [1308/2180]  loss: 37.56 MW
  Epoch 6 [1744/2180]  loss: 33.80 MW
  Epoch 6 [2180/2180]  loss: 25.93 MW
Epoch   6/50  train: 32.80  val: 46.20  (73s)
  ✓ Saved best model  (val_loss=46.20)
  Epoch 7 [436/2180]  loss: 32.53 MW
  Epoch 7 [872/2180]  loss: 32.27 MW
  Epoch 7 [1308/2180]  loss: 32.42 MW
  Epoch 7 [1744/2180]  loss: 33.17 MW
  Epoch 7 [2180/2180]  loss: 30.61 MW
Epoch   7/50  train: 30.69  val: 46.97  (73s)
  Epoch 8 [436/2180]  loss: 35.11 MW
  Epoch 8 [872/2180]  loss: 26.42 MW
  Epoch 8 [1308/2180]  loss: 27.65 MW
  Epoch 8 [1744/2180]  loss: 27.76 MW
  Epoch 8 [2180/2180]  loss: 25.72 MW
Epoch   8/50  train: 28.78  val: 45.03  (73s)
  ✓ Saved best model  (val_loss=45.03)
  Epoch 9 [436/2180]  loss: 28.34 MW
  Epoch 9 [872/2180]  loss: 26.86 MW
  Epoch 9 [1308/2180]  loss: 27.23 MW
  Epoch 9 [1744/2180]  loss: 23.21 MW
  Epoch 9 [2180/2180]  loss: 25.70 MW
Epoch   9/50  train: 27.24  val: 44.50  (73s)
  ✓ Saved best model  (val_loss=44.50)
  Epoch 10 [436/2180]  loss: 24.76 MW
  Epoch 10 [872/2180]  loss: 32.34 MW
  Epoch 10 [1308/2180]  loss: 24.53 MW
  Epoch 10 [1744/2180]  loss: 27.60 MW
  Epoch 10 [2180/2180]  loss: 21.29 MW
Epoch  10/50  train: 26.16  val: 45.71  (73s)
  Epoch 11 [436/2180]  loss: 23.83 MW
  Epoch 11 [872/2180]  loss: 24.64 MW
  Epoch 11 [1308/2180]  loss: 26.02 MW
  Epoch 11 [1744/2180]  loss: 31.09 MW
  Epoch 11 [2180/2180]  loss: 21.52 MW
Epoch  11/50  train: 25.09  val: 44.79  (73s)
  Epoch 12 [436/2180]  loss: 26.22 MW
  Epoch 12 [872/2180]  loss: 27.25 MW
  Epoch 12 [1308/2180]  loss: 25.88 MW
  Epoch 12 [1744/2180]  loss: 22.73 MW
  Epoch 12 [2180/2180]  loss: 27.25 MW
Epoch  12/50  train: 24.18  val: 43.19  (74s)
  ✓ Saved best model  (val_loss=43.19)
  Epoch 13 [436/2180]  loss: 22.68 MW
  Epoch 13 [872/2180]  loss: 22.13 MW
  Epoch 13 [1308/2180]  loss: 22.68 MW
  Epoch 13 [1744/2180]  loss: 25.02 MW
  Epoch 13 [2180/2180]  loss: 27.74 MW
Epoch  13/50  train: 23.36  val: 42.40  (74s)
  ✓ Saved best model  (val_loss=42.40)
  Epoch 14 [436/2180]  loss: 22.29 MW
  Epoch 14 [872/2180]  loss: 22.37 MW
  Epoch 14 [1308/2180]  loss: 19.07 MW
  Epoch 14 [1744/2180]  loss: 25.10 MW
  Epoch 14 [2180/2180]  loss: 22.74 MW
Epoch  14/50  train: 22.69  val: 44.21  (74s)
  Epoch 15 [436/2180]  loss: 20.49 MW
  Epoch 15 [872/2180]  loss: 21.41 MW
  Epoch 15 [1308/2180]  loss: 22.18 MW
  Epoch 15 [1744/2180]  loss: 19.46 MW
  Epoch 15 [2180/2180]  loss: 22.28 MW
Epoch  15/50  train: 22.10  val: 44.48  (74s)
  Epoch 16 [436/2180]  loss: 18.74 MW
  Epoch 16 [872/2180]  loss: 21.72 MW
  Epoch 16 [1308/2180]  loss: 24.60 MW
  Epoch 16 [1744/2180]  loss: 20.36 MW
  Epoch 16 [2180/2180]  loss: 21.91 MW
Epoch  16/50  train: 21.40  val: 44.77  (74s)
  Epoch 17 [436/2180]  loss: 26.27 MW
  Epoch 17 [872/2180]  loss: 20.18 MW
  Epoch 17 [1308/2180]  loss: 20.83 MW
  Epoch 17 [1744/2180]  loss: 20.64 MW
  Epoch 17 [2180/2180]  loss: 18.79 MW
Epoch  17/50  train: 20.94  val: 43.38  (74s)
  Epoch 18 [436/2180]  loss: 18.47 MW
  Epoch 18 [872/2180]  loss: 21.62 MW
  Epoch 18 [1308/2180]  loss: 20.00 MW
  Epoch 18 [1744/2180]  loss: 22.07 MW
  Epoch 18 [2180/2180]  loss: 20.50 MW
Epoch  18/50  train: 20.40  val: 42.70  (74s)
  Epoch 19 [436/2180]  loss: 19.36 MW
  Epoch 19 [872/2180]  loss: 19.74 MW
  Epoch 19 [1308/2180]  loss: 21.81 MW
  Epoch 19 [1744/2180]  loss: 20.66 MW
  Epoch 19 [2180/2180]  loss: 18.23 MW
Epoch  19/50  train: 19.93  val: 43.48  (74s)
  Epoch 20 [436/2180]  loss: 20.04 MW
  Epoch 20 [872/2180]  loss: 16.53 MW
  Epoch 20 [1308/2180]  loss: 20.90 MW
  Epoch 20 [1744/2180]  loss: 19.26 MW
  Epoch 20 [2180/2180]  loss: 21.86 MW
Epoch  20/50  train: 19.43  val: 43.05  (74s)
  Epoch 21 [436/2180]  loss: 21.25 MW
  Epoch 21 [872/2180]  loss: 18.04 MW
  Epoch 21 [1308/2180]  loss: 19.26 MW
  Epoch 21 [1744/2180]  loss: 17.22 MW
  Epoch 21 [2180/2180]  loss: 18.79 MW
Epoch  21/50  train: 18.97  val: 42.55  (74s)
  Epoch 22 [436/2180]  loss: 21.61 MW
  Epoch 22 [872/2180]  loss: 18.17 MW
  Epoch 22 [1308/2180]  loss: 21.06 MW
  Epoch 22 [1744/2180]  loss: 19.02 MW
  Epoch 22 [2180/2180]  loss: 17.41 MW
Epoch  22/50  train: 18.70  val: 42.68  (74s)
  Epoch 23 [436/2180]  loss: 17.81 MW
  Epoch 23 [872/2180]  loss: 20.50 MW
  Epoch 23 [1308/2180]  loss: 25.01 MW
  Epoch 23 [1744/2180]  loss: 17.64 MW
  Epoch 23 [2180/2180]  loss: 20.30 MW
Epoch  23/50  train: 18.21  val: 42.52  (74s)
  Epoch 24 [436/2180]  loss: 16.68 MW
  Epoch 24 [872/2180]  loss: 16.22 MW
  Epoch 24 [1308/2180]  loss: 19.94 MW
  Epoch 24 [1744/2180]  loss: 18.04 MW
  Epoch 24 [2180/2180]  loss: 20.23 MW
Epoch  24/50  train: 17.88  val: 42.53  (74s)
  Epoch 25 [436/2180]  loss: 14.23 MW
  Epoch 25 [872/2180]  loss: 16.75 MW
  Epoch 25 [1308/2180]  loss: 16.35 MW
  Epoch 25 [1744/2180]  loss: 16.94 MW
  Epoch 25 [2180/2180]  loss: 17.27 MW
Epoch  25/50  train: 17.52  val: 41.94  (74s)
  ✓ Saved best model  (val_loss=41.94)
  Epoch 26 [436/2180]  loss: 17.23 MW
  Epoch 26 [872/2180]  loss: 18.53 MW
  Epoch 26 [1308/2180]  loss: 16.98 MW
  Epoch 26 [1744/2180]  loss: 15.64 MW
  Epoch 26 [2180/2180]  loss: 22.34 MW
Epoch  26/50  train: 17.18  val: 42.23  (74s)
  Epoch 27 [436/2180]  loss: 17.01 MW
  Epoch 27 [872/2180]  loss: 19.55 MW
  Epoch 27 [1308/2180]  loss: 17.54 MW
  Epoch 27 [1744/2180]  loss: 18.44 MW
  Epoch 27 [2180/2180]  loss: 18.49 MW
Epoch  27/50  train: 16.86  val: 42.50  (74s)
  Epoch 28 [436/2180]  loss: 15.28 MW
  Epoch 28 [872/2180]  loss: 19.37 MW
  Epoch 28 [1308/2180]  loss: 16.77 MW
  Epoch 28 [1744/2180]  loss: 16.55 MW
  Epoch 28 [2180/2180]  loss: 14.22 MW
Epoch  28/50  train: 16.51  val: 43.31  (74s)
  Epoch 29 [436/2180]  loss: 15.02 MW
  Epoch 29 [872/2180]  loss: 14.89 MW
  Epoch 29 [1308/2180]  loss: 16.52 MW
  Epoch 29 [1744/2180]  loss: 14.73 MW
  Epoch 29 [2180/2180]  loss: 16.90 MW
Epoch  29/50  train: 16.32  val: 42.83  (75s)
  Epoch 30 [436/2180]  loss: 15.36 MW
  Epoch 30 [872/2180]  loss: 17.10 MW
  Epoch 30 [1308/2180]  loss: 15.55 MW
  Epoch 30 [1744/2180]  loss: 18.05 MW
  Epoch 30 [2180/2180]  loss: 16.94 MW
Epoch  30/50  train: 15.95  val: 42.08  (73s)
  Epoch 31 [436/2180]  loss: 14.54 MW
  Epoch 31 [872/2180]  loss: 15.36 MW
  Epoch 31 [1308/2180]  loss: 16.39 MW
  Epoch 31 [1744/2180]  loss: 15.15 MW
  Epoch 31 [2180/2180]  loss: 19.91 MW
Epoch  31/50  train: 15.65  val: 42.19  (73s)
  Epoch 32 [436/2180]  loss: 13.13 MW
  Epoch 32 [872/2180]  loss: 15.65 MW
  Epoch 32 [1308/2180]  loss: 15.21 MW
  Epoch 32 [1744/2180]  loss: 15.13 MW
  Epoch 32 [2180/2180]  loss: 14.90 MW
Epoch  32/50  train: 15.42  val: 41.99  (73s)
  Epoch 33 [436/2180]  loss: 17.48 MW
  Epoch 33 [872/2180]  loss: 15.01 MW
  Epoch 33 [1308/2180]  loss: 18.55 MW
  Epoch 33 [1744/2180]  loss: 13.90 MW
  Epoch 33 [2180/2180]  loss: 17.23 MW
Epoch  33/50  train: 15.20  val: 42.48  (73s)
  Epoch 34 [436/2180]  loss: 15.81 MW
  Epoch 34 [872/2180]  loss: 15.02 MW
  Epoch 34 [1308/2180]  loss: 14.71 MW
  Epoch 34 [1744/2180]  loss: 14.11 MW
  Epoch 34 [2180/2180]  loss: 14.02 MW
Epoch  34/50  train: 14.97  val: 42.13  (73s)
  Epoch 35 [436/2180]  loss: 15.64 MW
  Epoch 35 [872/2180]  loss: 15.54 MW
  Epoch 35 [1308/2180]  loss: 15.46 MW
  Epoch 35 [1744/2180]  loss: 14.27 MW
  Epoch 35 [2180/2180]  loss: 16.63 MW
Epoch  35/50  train: 14.73  val: 42.36  (73s)
  Epoch 36 [436/2180]  loss: 13.02 MW
  Epoch 36 [872/2180]  loss: 12.88 MW
  Epoch 36 [1308/2180]  loss: 15.95 MW
  Epoch 36 [1744/2180]  loss: 14.80 MW
  Epoch 36 [2180/2180]  loss: 16.28 MW
Epoch  36/50  train: 14.54  val: 42.24  (73s)
  Epoch 37 [436/2180]  loss: 15.80 MW
  Epoch 37 [872/2180]  loss: 13.33 MW
  Epoch 37 [1308/2180]  loss: 13.48 MW
  Epoch 37 [1744/2180]  loss: 14.31 MW
  Epoch 37 [2180/2180]  loss: 13.90 MW
Epoch  37/50  train: 14.33  val: 42.65  (73s)
  Epoch 38 [436/2180]  loss: 15.23 MW
  Epoch 38 [872/2180]  loss: 12.40 MW
  Epoch 38 [1308/2180]  loss: 14.25 MW
  Epoch 38 [1744/2180]  loss: 12.68 MW
  Epoch 38 [2180/2180]  loss: 12.37 MW
Epoch  38/50  train: 14.17  val: 42.22  (73s)
  Epoch 39 [436/2180]  loss: 15.22 MW
  Epoch 39 [872/2180]  loss: 12.30 MW
  Epoch 39 [1308/2180]  loss: 13.35 MW
  Epoch 39 [1744/2180]  loss: 12.75 MW
  Epoch 39 [2180/2180]  loss: 14.40 MW
Epoch  39/50  train: 14.01  val: 42.37  (73s)
  Epoch 40 [436/2180]  loss: 11.22 MW
  Epoch 40 [872/2180]  loss: 13.09 MW
  Epoch 40 [1308/2180]  loss: 14.27 MW
  Epoch 40 [1744/2180]  loss: 14.27 MW
  Epoch 40 [2180/2180]  loss: 12.58 MW
Epoch  40/50  train: 13.85  val: 42.05  (73s)
  Epoch 41 [436/2180]  loss: 11.77 MW
  Epoch 41 [872/2180]  loss: 13.16 MW
  Epoch 41 [1308/2180]  loss: 14.60 MW
  Epoch 41 [1744/2180]  loss: 15.18 MW
  Epoch 41 [2180/2180]  loss: 12.59 MW
Epoch  41/50  train: 13.71  val: 42.02  (73s)
  Epoch 42 [436/2180]  loss: 12.14 MW
  Epoch 42 [872/2180]  loss: 13.29 MW
  Epoch 42 [1308/2180]  loss: 14.48 MW
  Epoch 42 [1744/2180]  loss: 12.75 MW
  Epoch 42 [2180/2180]  loss: 13.13 MW
Epoch  42/50  train: 13.57  val: 42.31  (73s)
  Epoch 43 [436/2180]  loss: 13.81 MW
  Epoch 43 [872/2180]  loss: 12.37 MW
  Epoch 43 [1308/2180]  loss: 13.26 MW
  Epoch 43 [1744/2180]  loss: 12.56 MW
  Epoch 43 [2180/2180]  loss: 12.70 MW
Epoch  43/50  train: 13.47  val: 42.14  (73s)
  Epoch 44 [436/2180]  loss: 12.41 MW
  Epoch 44 [872/2180]  loss: 14.53 MW
  Epoch 44 [1308/2180]  loss: 13.13 MW
  Epoch 44 [1744/2180]  loss: 12.91 MW
  Epoch 44 [2180/2180]  loss: 13.58 MW
Epoch  44/50  train: 13.36  val: 42.00  (73s)
  Epoch 45 [436/2180]  loss: 12.76 MW
  Epoch 45 [872/2180]  loss: 13.37 MW
  Epoch 45 [1308/2180]  loss: 14.83 MW
  Epoch 45 [1744/2180]  loss: 11.98 MW
  Epoch 45 [2180/2180]  loss: 12.82 MW
Epoch  45/50  train: 13.31  val: 42.15  (73s)
  Epoch 46 [436/2180]  loss: 13.88 MW
  Epoch 46 [872/2180]  loss: 14.05 MW
  Epoch 46 [1308/2180]  loss: 13.40 MW
  Epoch 46 [1744/2180]  loss: 13.20 MW
  Epoch 46 [2180/2180]  loss: 16.01 MW
Epoch  46/50  train: 13.23  val: 42.05  (73s)
  Epoch 47 [436/2180]  loss: 15.15 MW
  Epoch 47 [872/2180]  loss: 12.67 MW
  Epoch 47 [1308/2180]  loss: 12.59 MW
  Epoch 47 [1744/2180]  loss: 12.14 MW
  Epoch 47 [2180/2180]  loss: 12.43 MW
Epoch  47/50  train: 13.17  val: 42.15  (73s)
  Epoch 48 [436/2180]  loss: 13.95 MW
  Epoch 48 [872/2180]  loss: 12.64 MW
  Epoch 48 [1308/2180]  loss: 11.85 MW
  Epoch 48 [1744/2180]  loss: 13.37 MW
  Epoch 48 [2180/2180]  loss: 14.33 MW
Epoch  48/50  train: 13.12  val: 42.16  (73s)
  Epoch 49 [436/2180]  loss: 12.88 MW
  Epoch 49 [872/2180]  loss: 13.36 MW
  Epoch 49 [1308/2180]  loss: 13.11 MW
  Epoch 49 [1744/2180]  loss: 12.37 MW
  Epoch 49 [2180/2180]  loss: 12.89 MW
Epoch  49/50  train: 13.10  val: 42.04  (69s)
  Epoch 50 [436/2180]  loss: 12.01 MW
  Epoch 50 [872/2180]  loss: 12.52 MW
  Epoch 50 [1308/2180]  loss: 12.78 MW
  Epoch 50 [1744/2180]  loss: 12.31 MW
  Epoch 50 [2180/2180]  loss: 14.01 MW
Epoch  50/50  train: 13.05  val: 41.96  (67s)

Training complete.  Best val loss: 41.94
