Device: cuda
Building datasets …
  Preloading 35,087 weather files …
  Weather cache ready.
  Preloading 8,928 weather files …
  Weather cache ready.
  Train samples: 34,896   Val samples: 8,737
  Demand stats — mean: 1660.5 MW, std: 345.1 MW
  Trainable parameters: 889,352
  Transformer sequence length: 4,992 tokens
  Epoch 1 [436/2181]  loss: 90.28 MW
  Epoch 1 [872/2181]  loss: 158.31 MW
  Epoch 1 [1308/2181]  loss: 96.24 MW
  Epoch 1 [1744/2181]  loss: 94.00 MW
  Epoch 1 [2180/2181]  loss: 100.99 MW
Epoch   1/50  train: 111.83  val: 91.40  (1132s)
  ✓ Saved best model  (val_loss=91.40)
  Epoch 2 [436/2181]  loss: 70.24 MW
  Epoch 2 [872/2181]  loss: 68.24 MW
  Epoch 2 [1308/2181]  loss: 64.57 MW
  Epoch 2 [1744/2181]  loss: 64.42 MW
  Epoch 2 [2180/2181]  loss: 53.65 MW
Epoch   2/50  train: 67.56  val: 73.85  (1129s)
  ✓ Saved best model  (val_loss=73.85)
  Epoch 3 [436/2181]  loss: 49.37 MW
  Epoch 3 [872/2181]  loss: 60.72 MW
  Epoch 3 [1308/2181]  loss: 42.13 MW
  Epoch 3 [1744/2181]  loss: 46.45 MW
  Epoch 3 [2180/2181]  loss: 46.39 MW
Epoch   3/50  train: 51.67  val: 65.28  (1129s)
  ✓ Saved best model  (val_loss=65.28)
  Epoch 4 [436/2181]  loss: 36.54 MW
  Epoch 4 [872/2181]  loss: 46.04 MW
  Epoch 4 [1308/2181]  loss: 41.06 MW
  Epoch 4 [1744/2181]  loss: 39.65 MW
  Epoch 4 [2180/2181]  loss: 40.95 MW
Epoch   4/50  train: 43.77  val: 60.83  (1129s)
  ✓ Saved best model  (val_loss=60.83)
  Epoch 5 [436/2181]  loss: 40.64 MW
  Epoch 5 [872/2181]  loss: 38.15 MW
  Epoch 5 [1308/2181]  loss: 44.91 MW
  Epoch 5 [1744/2181]  loss: 35.94 MW
  Epoch 5 [2180/2181]  loss: 37.09 MW
Epoch   5/50  train: 38.76  val: 65.51  (1129s)
  Epoch 6 [436/2181]  loss: 35.63 MW
  Epoch 6 [872/2181]  loss: 36.81 MW
  Epoch 6 [1308/2181]  loss: 34.66 MW
  Epoch 6 [1744/2181]  loss: 36.27 MW
  Epoch 6 [2180/2181]  loss: 30.42 MW
Epoch   6/50  train: 35.24  val: 58.07  (1129s)
  ✓ Saved best model  (val_loss=58.07)
  Epoch 7 [436/2181]  loss: 29.84 MW
  Epoch 7 [872/2181]  loss: 35.90 MW
  Epoch 7 [1308/2181]  loss: 36.44 MW
  Epoch 7 [1744/2181]  loss: 38.22 MW
  Epoch 7 [2180/2181]  loss: 30.30 MW
Epoch   7/50  train: 32.77  val: 59.48  (1129s)
  Epoch 8 [436/2181]  loss: 33.80 MW
  Epoch 8 [872/2181]  loss: 31.93 MW
  Epoch 8 [1308/2181]  loss: 29.92 MW
  Epoch 8 [1744/2181]  loss: 29.58 MW
  Epoch 8 [2180/2181]  loss: 28.38 MW
Epoch   8/50  train: 30.69  val: 60.40  (1129s)
  Epoch 9 [436/2181]  loss: 26.58 MW
  Epoch 9 [872/2181]  loss: 29.53 MW
  Epoch 9 [1308/2181]  loss: 31.77 MW
  Epoch 9 [1744/2181]  loss: 29.55 MW
  Epoch 9 [2180/2181]  loss: 26.02 MW
Epoch   9/50  train: 29.24  val: 57.53  (1129s)
  ✓ Saved best model  (val_loss=57.53)
  Epoch 10 [436/2181]  loss: 27.40 MW
  Epoch 10 [872/2181]  loss: 26.66 MW
  Epoch 10 [1308/2181]  loss: 26.03 MW
  Epoch 10 [1744/2181]  loss: 24.75 MW
  Epoch 10 [2180/2181]  loss: 25.36 MW
Epoch  10/50  train: 27.84  val: 57.04  (1129s)
  ✓ Saved best model  (val_loss=57.04)
  Epoch 11 [436/2181]  loss: 25.19 MW
  Epoch 11 [872/2181]  loss: 26.14 MW
  Epoch 11 [1308/2181]  loss: 34.25 MW
  Epoch 11 [1744/2181]  loss: 25.20 MW
  Epoch 11 [2180/2181]  loss: 27.02 MW
Epoch  11/50  train: 26.75  val: 56.93  (1129s)
  ✓ Saved best model  (val_loss=56.93)
  Epoch 12 [436/2181]  loss: 25.78 MW
  Epoch 12 [872/2181]  loss: 26.40 MW
  Epoch 12 [1308/2181]  loss: 25.59 MW
  Epoch 12 [1744/2181]  loss: 24.15 MW
  Epoch 12 [2180/2181]  loss: 31.91 MW
Epoch  12/50  train: 25.81  val: 60.31  (1129s)
  Epoch 13 [436/2181]  loss: 23.95 MW
  Epoch 13 [872/2181]  loss: 21.45 MW
  Epoch 13 [1308/2181]  loss: 26.57 MW
  Epoch 13 [1744/2181]  loss: 27.57 MW
  Epoch 13 [2180/2181]  loss: 25.21 MW
Epoch  13/50  train: 24.73  val: 57.69  (1129s)
  Epoch 14 [436/2181]  loss: 23.18 MW
  Epoch 14 [872/2181]  loss: 20.60 MW
  Epoch 14 [1308/2181]  loss: 23.45 MW
  Epoch 14 [1744/2181]  loss: 23.66 MW
  Epoch 14 [2180/2181]  loss: 21.83 MW
Epoch  14/50  train: 24.09  val: 57.16  (1129s)
  Epoch 15 [436/2181]  loss: 23.33 MW
  Epoch 15 [872/2181]  loss: 23.17 MW
  Epoch 15 [1308/2181]  loss: 22.68 MW
  Epoch 15 [1744/2181]  loss: 28.52 MW
  Epoch 15 [2180/2181]  loss: 19.31 MW
Epoch  15/50  train: 23.38  val: 55.75  (1129s)
  ✓ Saved best model  (val_loss=55.75)
  Epoch 16 [436/2181]  loss: 23.52 MW
  Epoch 16 [872/2181]  loss: 22.93 MW
  Epoch 16 [1308/2181]  loss: 23.80 MW
  Epoch 16 [1744/2181]  loss: 32.34 MW
  Epoch 16 [2180/2181]  loss: 24.12 MW
Epoch  16/50  train: 22.87  val: 57.09  (1130s)
  Epoch 17 [436/2181]  loss: 18.91 MW
  Epoch 17 [872/2181]  loss: 22.89 MW
  Epoch 17 [1308/2181]  loss: 23.83 MW
  Epoch 17 [1744/2181]  loss: 21.96 MW
  Epoch 17 [2180/2181]  loss: 20.58 MW
Epoch  17/50  train: 22.27  val: 57.87  (1129s)
  Epoch 18 [436/2181]  loss: 26.86 MW
  Epoch 18 [872/2181]  loss: 24.25 MW
  Epoch 18 [1308/2181]  loss: 22.44 MW
  Epoch 18 [1744/2181]  loss: 21.66 MW
  Epoch 18 [2180/2181]  loss: 19.29 MW
Epoch  18/50  train: 21.66  val: 56.32  (1129s)
  Epoch 19 [436/2181]  loss: 22.15 MW
  Epoch 19 [872/2181]  loss: 18.56 MW
  Epoch 19 [1308/2181]  loss: 18.04 MW
  Epoch 19 [1744/2181]  loss: 20.91 MW
  Epoch 19 [2180/2181]  loss: 20.48 MW
Epoch  19/50  train: 21.38  val: 57.81  (1129s)
  Epoch 20 [436/2181]  loss: 20.31 MW
  Epoch 20 [872/2181]  loss: 24.18 MW
  Epoch 20 [1308/2181]  loss: 21.61 MW
  Epoch 20 [1744/2181]  loss: 19.76 MW
  Epoch 20 [2180/2181]  loss: 19.86 MW
Epoch  20/50  train: 20.90  val: 56.57  (1129s)
  Epoch 21 [436/2181]  loss: 18.13 MW
  Epoch 21 [872/2181]  loss: 18.52 MW
  Epoch 21 [1308/2181]  loss: 22.35 MW
  Epoch 21 [1744/2181]  loss: 19.17 MW
  Epoch 21 [2180/2181]  loss: 18.74 MW
Epoch  21/50  train: 20.48  val: 55.68  (1129s)
  ✓ Saved best model  (val_loss=55.68)
  Epoch 22 [436/2181]  loss: 18.67 MW
  Epoch 22 [872/2181]  loss: 20.77 MW
  Epoch 22 [1308/2181]  loss: 21.18 MW
  Epoch 22 [1744/2181]  loss: 20.49 MW
  Epoch 22 [2180/2181]  loss: 19.77 MW
Epoch  22/50  train: 20.39  val: 55.02  (1129s)
  ✓ Saved best model  (val_loss=55.02)
  Epoch 23 [436/2181]  loss: 18.89 MW
  Epoch 23 [872/2181]  loss: 22.97 MW
  Epoch 23 [1308/2181]  loss: 18.74 MW
  Epoch 23 [1744/2181]  loss: 23.16 MW
  Epoch 23 [2180/2181]  loss: 22.60 MW
Epoch  23/50  train: 19.92  val: 55.87  (1129s)
  Epoch 24 [436/2181]  loss: 19.69 MW
  Epoch 24 [872/2181]  loss: 20.65 MW
  Epoch 24 [1308/2181]  loss: 20.40 MW
  Epoch 24 [1744/2181]  loss: 17.80 MW
  Epoch 24 [2180/2181]  loss: 21.37 MW
Epoch  24/50  train: 19.61  val: 55.74  (1129s)
  Epoch 25 [436/2181]  loss: 20.31 MW
  Epoch 25 [872/2181]  loss: 20.70 MW
  Epoch 25 [1308/2181]  loss: 23.63 MW
  Epoch 25 [1744/2181]  loss: 22.90 MW
  Epoch 25 [2180/2181]  loss: 17.49 MW
Epoch  25/50  train: 19.22  val: 56.46  (1129s)
  Epoch 26 [436/2181]  loss: 19.81 MW
  Epoch 26 [872/2181]  loss: 18.34 MW
  Epoch 26 [1308/2181]  loss: 19.92 MW
  Epoch 26 [1744/2181]  loss: 17.71 MW
  Epoch 26 [2180/2181]  loss: 20.11 MW
Epoch  26/50  train: 19.02  val: 58.43  (1129s)
  Epoch 27 [436/2181]  loss: 17.33 MW
  Epoch 27 [872/2181]  loss: 15.84 MW
  Epoch 27 [1308/2181]  loss: 14.27 MW
  Epoch 27 [1744/2181]  loss: 18.24 MW
  Epoch 27 [2180/2181]  loss: 15.24 MW
Epoch  27/50  train: 18.67  val: 56.28  (1129s)
  Epoch 28 [436/2181]  loss: 18.67 MW
  Epoch 28 [872/2181]  loss: 18.76 MW
  Epoch 28 [1308/2181]  loss: 17.65 MW
  Epoch 28 [1744/2181]  loss: 17.66 MW
  Epoch 28 [2180/2181]  loss: 18.22 MW
Epoch  28/50  train: 18.53  val: 57.79  (1129s)
  Epoch 29 [436/2181]  loss: 17.91 MW
  Epoch 29 [872/2181]  loss: 18.27 MW
  Epoch 29 [1308/2181]  loss: 17.16 MW
  Epoch 29 [1744/2181]  loss: 17.43 MW
  Epoch 29 [2180/2181]  loss: 17.28 MW
Epoch  29/50  train: 18.30  val: 55.96  (1129s)
  Epoch 30 [436/2181]  loss: 19.96 MW
  Epoch 30 [872/2181]  loss: 17.63 MW
  Epoch 30 [1308/2181]  loss: 16.93 MW
  Epoch 30 [1744/2181]  loss: 18.60 MW
  Epoch 30 [2180/2181]  loss: 16.35 MW
Epoch  30/50  train: 18.14  val: 57.59  (1129s)
  Epoch 31 [436/2181]  loss: 23.01 MW
  Epoch 31 [872/2181]  loss: 14.75 MW
  Epoch 31 [1308/2181]  loss: 17.15 MW
  Epoch 31 [1744/2181]  loss: 18.66 MW
  Epoch 31 [2180/2181]  loss: 16.14 MW
Epoch  31/50  train: 17.96  val: 55.54  (1129s)
  Epoch 32 [436/2181]  loss: 19.46 MW
  Epoch 32 [872/2181]  loss: 15.93 MW
  Epoch 32 [1308/2181]  loss: 17.24 MW
  Epoch 32 [1744/2181]  loss: 15.80 MW
  Epoch 32 [2180/2181]  loss: 18.70 MW
Epoch  32/50  train: 17.65  val: 56.21  (1129s)
  Epoch 33 [436/2181]  loss: 15.54 MW
  Epoch 33 [872/2181]  loss: 18.44 MW
  Epoch 33 [1308/2181]  loss: 16.31 MW
  Epoch 33 [1744/2181]  loss: 17.67 MW
  Epoch 33 [2180/2181]  loss: 16.74 MW
Epoch  33/50  train: 17.50  val: 57.52  (1129s)
  Epoch 34 [436/2181]  loss: 16.86 MW
  Epoch 34 [872/2181]  loss: 17.59 MW
  Epoch 34 [1308/2181]  loss: 15.64 MW
  Epoch 34 [1744/2181]  loss: 17.52 MW
  Epoch 34 [2180/2181]  loss: 16.73 MW
Epoch  34/50  train: 17.34  val: 57.24  (1129s)
  Epoch 35 [436/2181]  loss: 14.49 MW
  Epoch 35 [872/2181]  loss: 17.76 MW
  Epoch 35 [1308/2181]  loss: 15.69 MW
  Epoch 35 [1744/2181]  loss: 13.85 MW
  Epoch 35 [2180/2181]  loss: 16.17 MW
Epoch  35/50  train: 17.10  val: 57.56  (1129s)
  Epoch 36 [436/2181]  loss: 15.59 MW
  Epoch 36 [872/2181]  loss: 15.74 MW
  Epoch 36 [1308/2181]  loss: 18.78 MW
  Epoch 36 [1744/2181]  loss: 23.44 MW
  Epoch 36 [2180/2181]  loss: 18.62 MW
Epoch  36/50  train: 16.95  val: 56.39  (1129s)
  Epoch 37 [436/2181]  loss: 21.28 MW
  Epoch 37 [872/2181]  loss: 14.49 MW
  Epoch 37 [1308/2181]  loss: 17.07 MW
  Epoch 37 [1744/2181]  loss: 20.21 MW
  Epoch 37 [2180/2181]  loss: 18.50 MW
Epoch  37/50  train: 16.84  val: 55.36  (1129s)
  Epoch 38 [436/2181]  loss: 17.37 MW
  Epoch 38 [872/2181]  loss: 17.31 MW
  Epoch 38 [1308/2181]  loss: 15.63 MW
  Epoch 38 [1744/2181]  loss: 18.33 MW
  Epoch 38 [2180/2181]  loss: 15.69 MW
Epoch  38/50  train: 16.78  val: 57.13  (1129s)
  Epoch 39 [436/2181]  loss: 17.04 MW
  Epoch 39 [872/2181]  loss: 18.29 MW
  Epoch 39 [1308/2181]  loss: 16.24 MW
  Epoch 39 [1744/2181]  loss: 15.62 MW
  Epoch 39 [2180/2181]  loss: 17.16 MW
Epoch  39/50  train: 16.66  val: 55.61  (1129s)
  Epoch 40 [436/2181]  loss: 17.68 MW
  Epoch 40 [872/2181]  loss: 15.76 MW
  Epoch 40 [1308/2181]  loss: 16.99 MW
  Epoch 40 [1744/2181]  loss: 17.72 MW
  Epoch 40 [2180/2181]  loss: 15.48 MW
Epoch  40/50  train: 16.41  val: 55.68  (1129s)
  Epoch 41 [436/2181]  loss: 15.17 MW
  Epoch 41 [872/2181]  loss: 16.08 MW
  Epoch 41 [1308/2181]  loss: 17.18 MW
  Epoch 41 [1744/2181]  loss: 18.38 MW
  Epoch 41 [2180/2181]  loss: 15.36 MW
Epoch  41/50  train: 16.40  val: 54.44  (1129s)
  ✓ Saved best model  (val_loss=54.44)
  Epoch 42 [436/2181]  loss: 13.01 MW
  Epoch 42 [872/2181]  loss: 14.65 MW
  Epoch 42 [1308/2181]  loss: 16.42 MW
  Epoch 42 [1744/2181]  loss: 17.20 MW
  Epoch 42 [2180/2181]  loss: 16.01 MW
Epoch  42/50  train: 16.23  val: 57.05  (1129s)
  Epoch 43 [436/2181]  loss: 14.41 MW
  Epoch 43 [872/2181]  loss: 17.06 MW
  Epoch 43 [1308/2181]  loss: 16.97 MW
  Epoch 43 [1744/2181]  loss: 13.56 MW
  Epoch 43 [2180/2181]  loss: 14.25 MW
Epoch  43/50  train: 16.14  val: 55.73  (1129s)
  Epoch 44 [436/2181]  loss: 17.29 MW
  Epoch 44 [872/2181]  loss: 15.19 MW
  Epoch 44 [1308/2181]  loss: 21.27 MW
  Epoch 44 [1744/2181]  loss: 14.27 MW
  Epoch 44 [2180/2181]  loss: 15.00 MW
Epoch  44/50  train: 15.89  val: 56.45  (1129s)
  Epoch 45 [436/2181]  loss: 17.13 MW
  Epoch 45 [872/2181]  loss: 19.32 MW
  Epoch 45 [1308/2181]  loss: 16.67 MW
  Epoch 45 [1744/2181]  loss: 15.03 MW
  Epoch 45 [2180/2181]  loss: 15.30 MW
Epoch  45/50  train: 15.95  val: 54.63  (1129s)
  Epoch 46 [436/2181]  loss: 15.26 MW
  Epoch 46 [872/2181]  loss: 14.78 MW
  Epoch 46 [1308/2181]  loss: 16.60 MW
  Epoch 46 [1744/2181]  loss: 15.48 MW
  Epoch 46 [2180/2181]  loss: 17.09 MW
Epoch  46/50  train: 15.76  val: 57.36  (1129s)
  Epoch 47 [436/2181]  loss: 17.22 MW
  Epoch 47 [872/2181]  loss: 14.07 MW
  Epoch 47 [1308/2181]  loss: 14.38 MW
  Epoch 47 [1744/2181]  loss: 14.90 MW
  Epoch 47 [2180/2181]  loss: 19.48 MW
Epoch  47/50  train: 15.65  val: 56.33  (1129s)
  Epoch 48 [436/2181]  loss: 14.51 MW
  Epoch 48 [872/2181]  loss: 13.77 MW
  Epoch 48 [1308/2181]  loss: 14.89 MW
  Epoch 48 [1744/2181]  loss: 14.81 MW
  Epoch 48 [2180/2181]  loss: 17.32 MW
Epoch  48/50  train: 15.61  val: 57.05  (1129s)
  Epoch 49 [436/2181]  loss: 15.86 MW
  Epoch 49 [872/2181]  loss: 17.37 MW
  Epoch 49 [1308/2181]  loss: 16.17 MW
  Epoch 49 [1744/2181]  loss: 15.30 MW
  Epoch 49 [2180/2181]  loss: 15.84 MW
Epoch  49/50  train: 15.42  val: 56.63  (1129s)
  Epoch 50 [436/2181]  loss: 14.85 MW
  Epoch 50 [872/2181]  loss: 18.90 MW
  Epoch 50 [1308/2181]  loss: 14.58 MW
  Epoch 50 [1744/2181]  loss: 14.24 MW
  Epoch 50 [2180/2181]  loss: 16.02 MW
Epoch  50/50  train: 15.39  val: 56.14  (1129s)

Training complete.  Best val loss: 54.44
