/opt/conda/lib/python3.10/site-packages/torch/nn/modules/transformer.py:306: UserWarning: enable_nested_tensor is True, but self.use_nested_tensor is False because encoder_layer.norm_first was True
  warnings.warn(f"enable_nested_tensor is True, but self.use_nested_tensor is False because {why_not_sparsity_fast_path}")
Traceback (most recent call last):
  File "/cluster/tufts/c26sp1cs0137/cgolem01/energy_forecasting/train.py", line 221, in <module>
    train(cfg)
  File "/cluster/tufts/c26sp1cs0137/cgolem01/energy_forecasting/train.py", line 115, in train
    model = get_model(config).to(device)
  File "/opt/conda/lib/python3.10/site-packages/torch/nn/modules/module.py", line 1173, in to
    return self._apply(convert)
  File "/opt/conda/lib/python3.10/site-packages/torch/nn/modules/module.py", line 779, in _apply
    module._apply(fn)
  File "/opt/conda/lib/python3.10/site-packages/torch/nn/modules/module.py", line 779, in _apply
    module._apply(fn)
  File "/opt/conda/lib/python3.10/site-packages/torch/nn/modules/module.py", line 779, in _apply
    module._apply(fn)
  File "/opt/conda/lib/python3.10/site-packages/torch/nn/modules/module.py", line 804, in _apply
    param_applied = fn(param)
  File "/opt/conda/lib/python3.10/site-packages/torch/nn/modules/module.py", line 1159, in convert
    return t.to(
RuntimeError: CUDA error: CUDA-capable device(s) is/are busy or unavailable
CUDA kernel errors might be asynchronously reported at some other API call, so the stacktrace below might be incorrect.
For debugging consider passing CUDA_LAUNCH_BLOCKING=1.
Compile with `TORCH_USE_CUDA_DSA` to enable device-side assertions.

