Device: cuda
Building datasets …
  Preloading 35,087 weather files …
  Weather cache ready.
  Preloading 8,928 weather files …
  Weather cache ready.
  Train samples: 34,896   Val samples: 8,737
  Demand stats — mean: 1660.5 MW, std: 345.1 MW
  Trainable parameters: 889,352
  Transformer sequence length: 4,992 tokens
  Epoch 1 [436/2181]  loss: 128.91 MW
  Epoch 1 [872/2181]  loss: 103.84 MW
  Epoch 1 [1308/2181]  loss: 105.31 MW
  Epoch 1 [1744/2181]  loss: 93.52 MW
  Epoch 1 [2180/2181]  loss: 91.63 MW
Epoch   1/50  train: 111.28  val: 82.66  (1423s)
  ✓ Saved best model  (val_loss=82.66)
  Epoch 2 [436/2181]  loss: 71.79 MW
  Epoch 2 [872/2181]  loss: 75.16 MW
  Epoch 2 [1308/2181]  loss: 63.12 MW
  Epoch 2 [1744/2181]  loss: 61.73 MW
  Epoch 2 [2180/2181]  loss: 71.62 MW
Epoch   2/50  train: 68.60  val: 75.88  (1421s)
  ✓ Saved best model  (val_loss=75.88)
  Epoch 3 [436/2181]  loss: 58.28 MW
  Epoch 3 [872/2181]  loss: 58.43 MW
  Epoch 3 [1308/2181]  loss: 51.42 MW
  Epoch 3 [1744/2181]  loss: 44.92 MW
  Epoch 3 [2180/2181]  loss: 52.07 MW
Epoch   3/50  train: 53.23  val: 72.59  (1421s)
  ✓ Saved best model  (val_loss=72.59)
  Epoch 4 [436/2181]  loss: 40.89 MW
  Epoch 4 [872/2181]  loss: 38.60 MW
  Epoch 4 [1308/2181]  loss: 38.64 MW
  Epoch 4 [1744/2181]  loss: 45.30 MW
  Epoch 4 [2180/2181]  loss: 39.19 MW
Epoch   4/50  train: 43.66  val: 68.18  (1422s)
  ✓ Saved best model  (val_loss=68.18)
  Epoch 5 [436/2181]  loss: 37.68 MW
  Epoch 5 [872/2181]  loss: 41.75 MW
  Epoch 5 [1308/2181]  loss: 42.32 MW
  Epoch 5 [1744/2181]  loss: 38.54 MW
  Epoch 5 [2180/2181]  loss: 33.15 MW
Epoch   5/50  train: 38.23  val: 64.59  (1421s)
  ✓ Saved best model  (val_loss=64.59)
  Epoch 6 [436/2181]  loss: 37.63 MW
  Epoch 6 [872/2181]  loss: 37.41 MW
  Epoch 6 [1308/2181]  loss: 37.10 MW
  Epoch 6 [1744/2181]  loss: 28.58 MW
  Epoch 6 [2180/2181]  loss: 30.62 MW
Epoch   6/50  train: 34.47  val: 62.31  (1421s)
  ✓ Saved best model  (val_loss=62.31)
  Epoch 7 [436/2181]  loss: 30.46 MW
  Epoch 7 [872/2181]  loss: 30.89 MW
  Epoch 7 [1308/2181]  loss: 32.25 MW
  Epoch 7 [1744/2181]  loss: 32.00 MW
  Epoch 7 [2180/2181]  loss: 27.54 MW
Epoch   7/50  train: 31.81  val: 62.82  (1421s)
  Epoch 8 [436/2181]  loss: 28.79 MW
  Epoch 8 [872/2181]  loss: 27.35 MW
  Epoch 8 [1308/2181]  loss: 34.72 MW
  Epoch 8 [1744/2181]  loss: 27.57 MW
  Epoch 8 [2180/2181]  loss: 26.99 MW
Epoch   8/50  train: 29.56  val: 62.05  (1421s)
  ✓ Saved best model  (val_loss=62.05)
  Epoch 9 [436/2181]  loss: 31.24 MW
  Epoch 9 [872/2181]  loss: 24.94 MW
  Epoch 9 [1308/2181]  loss: 29.30 MW
  Epoch 9 [1744/2181]  loss: 29.03 MW
  Epoch 9 [2180/2181]  loss: 30.21 MW
Epoch   9/50  train: 28.14  val: 60.25  (1421s)
  ✓ Saved best model  (val_loss=60.25)
  Epoch 10 [436/2181]  loss: 27.46 MW
  Epoch 10 [872/2181]  loss: 26.68 MW
  Epoch 10 [1308/2181]  loss: 24.33 MW
  Epoch 10 [1744/2181]  loss: 23.03 MW
  Epoch 10 [2180/2181]  loss: 23.48 MW
Epoch  10/50  train: 26.71  val: 59.55  (1421s)
  ✓ Saved best model  (val_loss=59.55)
  Epoch 11 [436/2181]  loss: 24.00 MW
  Epoch 11 [872/2181]  loss: 24.62 MW
  Epoch 11 [1308/2181]  loss: 22.61 MW
  Epoch 11 [1744/2181]  loss: 22.24 MW
  Epoch 11 [2180/2181]  loss: 23.38 MW
Epoch  11/50  train: 25.45  val: 60.56  (1422s)
  Epoch 12 [436/2181]  loss: 21.86 MW
  Epoch 12 [872/2181]  loss: 20.91 MW
  Epoch 12 [1308/2181]  loss: 23.29 MW
  Epoch 12 [1744/2181]  loss: 26.96 MW
  Epoch 12 [2180/2181]  loss: 24.11 MW
Epoch  12/50  train: 24.42  val: 58.89  (1421s)
  ✓ Saved best model  (val_loss=58.89)
  Epoch 13 [436/2181]  loss: 21.56 MW
  Epoch 13 [872/2181]  loss: 20.29 MW
  Epoch 13 [1308/2181]  loss: 23.54 MW
  Epoch 13 [1744/2181]  loss: 25.10 MW
  Epoch 13 [2180/2181]  loss: 21.81 MW
Epoch  13/50  train: 23.50  val: 59.95  (1421s)
  Epoch 14 [436/2181]  loss: 27.31 MW
  Epoch 14 [872/2181]  loss: 19.44 MW
  Epoch 14 [1308/2181]  loss: 20.37 MW
  Epoch 14 [1744/2181]  loss: 24.20 MW
  Epoch 14 [2180/2181]  loss: 23.03 MW
Epoch  14/50  train: 22.71  val: 59.02  (1421s)
  Epoch 15 [436/2181]  loss: 22.84 MW
  Epoch 15 [872/2181]  loss: 19.42 MW
  Epoch 15 [1308/2181]  loss: 20.41 MW
  Epoch 15 [1744/2181]  loss: 24.16 MW
  Epoch 15 [2180/2181]  loss: 22.49 MW
Epoch  15/50  train: 21.93  val: 57.83  (1421s)
  ✓ Saved best model  (val_loss=57.83)
  Epoch 16 [436/2181]  loss: 24.14 MW
  Epoch 16 [872/2181]  loss: 22.56 MW
  Epoch 16 [1308/2181]  loss: 17.91 MW
  Epoch 16 [1744/2181]  loss: 18.91 MW
  Epoch 16 [2180/2181]  loss: 19.55 MW
Epoch  16/50  train: 21.30  val: 58.21  (1421s)
  Epoch 17 [436/2181]  loss: 16.56 MW
  Epoch 17 [872/2181]  loss: 26.51 MW
  Epoch 17 [1308/2181]  loss: 19.08 MW
  Epoch 17 [1744/2181]  loss: 19.64 MW
  Epoch 17 [2180/2181]  loss: 17.53 MW
Epoch  17/50  train: 20.57  val: 57.74  (1422s)
  ✓ Saved best model  (val_loss=57.74)
  Epoch 18 [436/2181]  loss: 19.13 MW
  Epoch 18 [872/2181]  loss: 20.38 MW
  Epoch 18 [1308/2181]  loss: 19.15 MW
  Epoch 18 [1744/2181]  loss: 20.81 MW
  Epoch 18 [2180/2181]  loss: 18.80 MW
Epoch  18/50  train: 20.07  val: 57.90  (1421s)
  Epoch 19 [436/2181]  loss: 18.41 MW
  Epoch 19 [872/2181]  loss: 19.70 MW
  Epoch 19 [1308/2181]  loss: 20.77 MW
  Epoch 19 [1744/2181]  loss: 19.62 MW
  Epoch 19 [2180/2181]  loss: 20.25 MW
Epoch  19/50  train: 19.46  val: 58.41  (1419s)
  Epoch 20 [436/2181]  loss: 21.93 MW
  Epoch 20 [872/2181]  loss: 16.83 MW
  Epoch 20 [1308/2181]  loss: 17.52 MW
  Epoch 20 [1744/2181]  loss: 16.24 MW
  Epoch 20 [2180/2181]  loss: 18.36 MW
Epoch  20/50  train: 19.02  val: 58.31  (1419s)
  Epoch 21 [436/2181]  loss: 17.24 MW
  Epoch 21 [872/2181]  loss: 20.76 MW
  Epoch 21 [1308/2181]  loss: 16.71 MW
  Epoch 21 [1744/2181]  loss: 18.32 MW
  Epoch 21 [2180/2181]  loss: 17.70 MW
Epoch  21/50  train: 18.60  val: 58.63  (1419s)
  Epoch 22 [436/2181]  loss: 19.05 MW
  Epoch 22 [872/2181]  loss: 15.63 MW
  Epoch 22 [1308/2181]  loss: 19.35 MW
  Epoch 22 [1744/2181]  loss: 17.14 MW
  Epoch 22 [2180/2181]  loss: 18.14 MW
Epoch  22/50  train: 18.17  val: 58.52  (1419s)
  Epoch 23 [436/2181]  loss: 18.18 MW
  Epoch 23 [872/2181]  loss: 17.87 MW
  Epoch 23 [1308/2181]  loss: 16.95 MW
  Epoch 23 [1744/2181]  loss: 16.05 MW
  Epoch 23 [2180/2181]  loss: 15.89 MW
Epoch  23/50  train: 17.69  val: 58.91  (1418s)
  Epoch 24 [436/2181]  loss: 18.60 MW
  Epoch 24 [872/2181]  loss: 16.07 MW
  Epoch 24 [1308/2181]  loss: 16.60 MW
  Epoch 24 [1744/2181]  loss: 14.87 MW
  Epoch 24 [2180/2181]  loss: 16.95 MW
Epoch  24/50  train: 17.32  val: 58.93  (1419s)
  Epoch 25 [436/2181]  loss: 16.14 MW
  Epoch 25 [872/2181]  loss: 15.92 MW
  Epoch 25 [1308/2181]  loss: 16.75 MW
  Epoch 25 [1744/2181]  loss: 18.81 MW
  Epoch 25 [2180/2181]  loss: 17.17 MW
Epoch  25/50  train: 16.91  val: 58.97  (1421s)
  Epoch 26 [436/2181]  loss: 15.80 MW
  Epoch 26 [872/2181]  loss: 17.19 MW
  Epoch 26 [1308/2181]  loss: 14.19 MW
  Epoch 26 [1744/2181]  loss: 13.62 MW
  Epoch 26 [2180/2181]  loss: 17.23 MW
Epoch  26/50  train: 16.57  val: 58.95  (1419s)
  Epoch 27 [436/2181]  loss: 15.95 MW
  Epoch 27 [872/2181]  loss: 18.74 MW
  Epoch 27 [1308/2181]  loss: 14.27 MW
  Epoch 27 [1744/2181]  loss: 15.94 MW
  Epoch 27 [2180/2181]  loss: 15.61 MW
Epoch  27/50  train: 16.22  val: 59.11  (1417s)
  Epoch 28 [436/2181]  loss: 15.15 MW
  Epoch 28 [872/2181]  loss: 15.47 MW
  Epoch 28 [1308/2181]  loss: 15.85 MW
  Epoch 28 [1744/2181]  loss: 15.63 MW
  Epoch 28 [2180/2181]  loss: 15.73 MW
Epoch  28/50  train: 15.84  val: 58.54  (1417s)
  Epoch 29 [436/2181]  loss: 17.81 MW
  Epoch 29 [872/2181]  loss: 13.74 MW
  Epoch 29 [1308/2181]  loss: 14.84 MW
  Epoch 29 [1744/2181]  loss: 16.45 MW
  Epoch 29 [2180/2181]  loss: 14.33 MW
Epoch  29/50  train: 15.60  val: 58.19  (1417s)
  Epoch 30 [436/2181]  loss: 13.85 MW
  Epoch 30 [872/2181]  loss: 13.85 MW
  Epoch 30 [1308/2181]  loss: 18.15 MW
  Epoch 30 [1744/2181]  loss: 15.81 MW
  Epoch 30 [2180/2181]  loss: 13.43 MW
Epoch  30/50  train: 15.28  val: 58.47  (1416s)
  Epoch 31 [436/2181]  loss: 13.29 MW
  Epoch 31 [872/2181]  loss: 14.69 MW
  Epoch 31 [1308/2181]  loss: 15.49 MW
  Epoch 31 [1744/2181]  loss: 15.79 MW
  Epoch 31 [2180/2181]  loss: 14.22 MW
Epoch  31/50  train: 15.01  val: 58.90  (1416s)
  Epoch 32 [436/2181]  loss: 16.11 MW
  Epoch 32 [872/2181]  loss: 14.34 MW
  Epoch 32 [1308/2181]  loss: 14.04 MW
  Epoch 32 [1744/2181]  loss: 15.59 MW
  Epoch 32 [2180/2181]  loss: 13.37 MW
Epoch  32/50  train: 14.76  val: 58.52  (1416s)
  Epoch 33 [436/2181]  loss: 13.74 MW
  Epoch 33 [872/2181]  loss: 14.88 MW
  Epoch 33 [1308/2181]  loss: 15.62 MW
  Epoch 33 [1744/2181]  loss: 17.55 MW
  Epoch 33 [2180/2181]  loss: 15.31 MW
Epoch  33/50  train: 14.48  val: 58.07  (1416s)
  Epoch 34 [436/2181]  loss: 12.23 MW
  Epoch 34 [872/2181]  loss: 13.45 MW
  Epoch 34 [1308/2181]  loss: 14.62 MW
  Epoch 34 [1744/2181]  loss: 17.54 MW
  Epoch 34 [2180/2181]  loss: 13.01 MW
Epoch  34/50  train: 14.25  val: 58.02  (1416s)
  Epoch 35 [436/2181]  loss: 13.40 MW
  Epoch 35 [872/2181]  loss: 12.86 MW
  Epoch 35 [1308/2181]  loss: 13.28 MW
  Epoch 35 [1744/2181]  loss: 14.04 MW
  Epoch 35 [2180/2181]  loss: 14.58 MW
Epoch  35/50  train: 14.07  val: 58.91  (1416s)
  Epoch 36 [436/2181]  loss: 14.22 MW
  Epoch 36 [872/2181]  loss: 14.16 MW
  Epoch 36 [1308/2181]  loss: 12.29 MW
  Epoch 36 [1744/2181]  loss: 12.39 MW
  Epoch 36 [2180/2181]  loss: 13.54 MW
Epoch  36/50  train: 13.89  val: 58.22  (1418s)
  Epoch 37 [436/2181]  loss: 13.94 MW
  Epoch 37 [872/2181]  loss: 13.89 MW
  Epoch 37 [1308/2181]  loss: 13.14 MW
  Epoch 37 [1744/2181]  loss: 11.40 MW
  Epoch 37 [2180/2181]  loss: 13.62 MW
Epoch  37/50  train: 13.70  val: 58.20  (1418s)
  Epoch 38 [436/2181]  loss: 12.97 MW
  Epoch 38 [872/2181]  loss: 13.56 MW
  Epoch 38 [1308/2181]  loss: 13.71 MW
  Epoch 38 [1744/2181]  loss: 11.88 MW
  Epoch 38 [2180/2181]  loss: 13.59 MW
Epoch  38/50  train: 13.51  val: 58.68  (1418s)
  Epoch 39 [436/2181]  loss: 13.17 MW
  Epoch 39 [872/2181]  loss: 13.82 MW
  Epoch 39 [1308/2181]  loss: 14.80 MW
  Epoch 39 [1744/2181]  loss: 14.19 MW
  Epoch 39 [2180/2181]  loss: 12.83 MW
Epoch  39/50  train: 13.37  val: 58.65  (1417s)
  Epoch 40 [436/2181]  loss: 12.53 MW
  Epoch 40 [872/2181]  loss: 12.27 MW
  Epoch 40 [1308/2181]  loss: 12.44 MW
  Epoch 40 [1744/2181]  loss: 13.67 MW
  Epoch 40 [2180/2181]  loss: 13.15 MW
Epoch  40/50  train: 13.22  val: 58.66  (1416s)
  Epoch 41 [436/2181]  loss: 13.83 MW
  Epoch 41 [872/2181]  loss: 13.22 MW
  Epoch 41 [1308/2181]  loss: 13.04 MW
  Epoch 41 [1744/2181]  loss: 13.26 MW
  Epoch 41 [2180/2181]  loss: 13.00 MW
Epoch  41/50  train: 13.08  val: 58.49  (1416s)
  Epoch 42 [436/2181]  loss: 12.38 MW
  Epoch 42 [872/2181]  loss: 11.88 MW
  Epoch 42 [1308/2181]  loss: 12.81 MW
  Epoch 42 [1744/2181]  loss: 14.88 MW
  Epoch 42 [2180/2181]  loss: 12.40 MW
Epoch  42/50  train: 12.99  val: 58.65  (1416s)
  Epoch 43 [436/2181]  loss: 12.36 MW
  Epoch 43 [872/2181]  loss: 13.02 MW
  Epoch 43 [1308/2181]  loss: 13.15 MW
  Epoch 43 [1744/2181]  loss: 11.83 MW
  Epoch 43 [2180/2181]  loss: 12.11 MW
Epoch  43/50  train: 12.88  val: 58.85  (1416s)
  Epoch 44 [436/2181]  loss: 11.41 MW
  Epoch 44 [872/2181]  loss: 11.98 MW
  Epoch 44 [1308/2181]  loss: 10.88 MW
  Epoch 44 [1744/2181]  loss: 12.33 MW
  Epoch 44 [2180/2181]  loss: 13.78 MW
Epoch  44/50  train: 12.79  val: 58.45  (1416s)
  Epoch 45 [436/2181]  loss: 12.92 MW
  Epoch 45 [872/2181]  loss: 12.40 MW
  Epoch 45 [1308/2181]  loss: 11.99 MW
  Epoch 45 [1744/2181]  loss: 13.96 MW
  Epoch 45 [2180/2181]  loss: 12.89 MW
Epoch  45/50  train: 12.72  val: 58.49  (1416s)
  Epoch 46 [436/2181]  loss: 13.19 MW
  Epoch 46 [872/2181]  loss: 13.47 MW
  Epoch 46 [1308/2181]  loss: 13.54 MW
  Epoch 46 [1744/2181]  loss: 13.75 MW
  Epoch 46 [2180/2181]  loss: 13.02 MW
Epoch  46/50  train: 12.66  val: 58.94  (1416s)
  Epoch 47 [436/2181]  loss: 12.67 MW
  Epoch 47 [872/2181]  loss: 11.24 MW
  Epoch 47 [1308/2181]  loss: 11.03 MW
  Epoch 47 [1744/2181]  loss: 12.21 MW
  Epoch 47 [2180/2181]  loss: 11.71 MW
Epoch  47/50  train: 12.60  val: 58.55  (1416s)
  Epoch 48 [436/2181]  loss: 13.17 MW
  Epoch 48 [872/2181]  loss: 12.71 MW
  Epoch 48 [1308/2181]  loss: 13.12 MW
  Epoch 48 [1744/2181]  loss: 11.97 MW
  Epoch 48 [2180/2181]  loss: 11.97 MW
Epoch  48/50  train: 12.55  val: 58.64  (1417s)
  Epoch 49 [436/2181]  loss: 12.51 MW
  Epoch 49 [872/2181]  loss: 12.58 MW
  Epoch 49 [1308/2181]  loss: 12.61 MW
  Epoch 49 [1744/2181]  loss: 12.26 MW
  Epoch 49 [2180/2181]  loss: 11.96 MW
Epoch  49/50  train: 12.51  val: 58.94  (1416s)
  Epoch 50 [436/2181]  loss: 13.83 MW
  Epoch 50 [872/2181]  loss: 11.76 MW
  Epoch 50 [1308/2181]  loss: 12.33 MW
  Epoch 50 [1744/2181]  loss: 13.79 MW
  Epoch 50 [2180/2181]  loss: 13.33 MW
Epoch  50/50  train: 12.49  val: 58.97  (1416s)

Training complete.  Best val loss: 57.74
