Device: cuda
Building datasets …
  Preloading 35,063 weather files …
  Weather cache ready.
  Preloading 8,855 weather files …
  Weather cache ready.
  Train samples: 34,873   Val samples: 8,760
[Hierarchical] Spatial seq len: 25, Temporal seq len: 96
  Demand stats — mean: 1644.8 MW, std: 338.1 MW
  Trainable parameters: 1,670,152
  Spatial seq len: 25 tokens  |  Temporal seq len: 96 tokens
  Epoch 1 [436/2180]  loss: 112.23 MW
  Epoch 1 [872/2180]  loss: 75.67 MW
  Epoch 1 [1308/2180]  loss: 83.73 MW
  Epoch 1 [1744/2180]  loss: 65.96 MW
  Epoch 1 [2180/2180]  loss: 51.82 MW
Epoch   1/50  train: 87.39  val: 69.27  (47s)
  ✓ Saved best model  (val_loss=69.27)
  Epoch 2 [436/2180]  loss: 60.24 MW
  Epoch 2 [872/2180]  loss: 59.24 MW
  Epoch 2 [1308/2180]  loss: 44.69 MW
  Epoch 2 [1744/2180]  loss: 44.91 MW
  Epoch 2 [2180/2180]  loss: 46.45 MW
Epoch   2/50  train: 52.45  val: 55.85  (45s)
  ✓ Saved best model  (val_loss=55.85)
  Epoch 3 [436/2180]  loss: 52.49 MW
  Epoch 3 [872/2180]  loss: 42.23 MW
  Epoch 3 [1308/2180]  loss: 45.89 MW
  Epoch 3 [1744/2180]  loss: 38.88 MW
  Epoch 3 [2180/2180]  loss: 44.85 MW
Epoch   3/50  train: 42.25  val: 53.94  (45s)
  ✓ Saved best model  (val_loss=53.94)
  Epoch 4 [436/2180]  loss: 41.41 MW
  Epoch 4 [872/2180]  loss: 38.56 MW
  Epoch 4 [1308/2180]  loss: 31.91 MW
  Epoch 4 [1744/2180]  loss: 33.72 MW
  Epoch 4 [2180/2180]  loss: 31.41 MW
Epoch   4/50  train: 36.42  val: 51.47  (45s)
  ✓ Saved best model  (val_loss=51.47)
  Epoch 5 [436/2180]  loss: 33.84 MW
  Epoch 5 [872/2180]  loss: 38.05 MW
  Epoch 5 [1308/2180]  loss: 28.19 MW
  Epoch 5 [1744/2180]  loss: 30.61 MW
  Epoch 5 [2180/2180]  loss: 29.91 MW
Epoch   5/50  train: 32.15  val: 47.61  (45s)
  ✓ Saved best model  (val_loss=47.61)
  Epoch 6 [436/2180]  loss: 27.99 MW
  Epoch 6 [872/2180]  loss: 30.34 MW
  Epoch 6 [1308/2180]  loss: 30.21 MW
  Epoch 6 [1744/2180]  loss: 29.47 MW
  Epoch 6 [2180/2180]  loss: 29.04 MW
Epoch   6/50  train: 29.23  val: 47.32  (45s)
  ✓ Saved best model  (val_loss=47.32)
  Epoch 7 [436/2180]  loss: 27.54 MW
  Epoch 7 [872/2180]  loss: 24.17 MW
  Epoch 7 [1308/2180]  loss: 25.96 MW
  Epoch 7 [1744/2180]  loss: 25.04 MW
  Epoch 7 [2180/2180]  loss: 26.71 MW
Epoch   7/50  train: 26.98  val: 47.18  (45s)
  ✓ Saved best model  (val_loss=47.18)
  Epoch 8 [436/2180]  loss: 26.12 MW
  Epoch 8 [872/2180]  loss: 27.49 MW
  Epoch 8 [1308/2180]  loss: 25.26 MW
  Epoch 8 [1744/2180]  loss: 21.70 MW
  Epoch 8 [2180/2180]  loss: 19.22 MW
Epoch   8/50  train: 25.41  val: 46.79  (45s)
  ✓ Saved best model  (val_loss=46.79)
  Epoch 9 [436/2180]  loss: 22.60 MW
  Epoch 9 [872/2180]  loss: 27.52 MW
  Epoch 9 [1308/2180]  loss: 21.27 MW
  Epoch 9 [1744/2180]  loss: 24.15 MW
  Epoch 9 [2180/2180]  loss: 25.43 MW
Epoch   9/50  train: 23.94  val: 45.98  (45s)
  ✓ Saved best model  (val_loss=45.98)
  Epoch 10 [436/2180]  loss: 24.27 MW
  Epoch 10 [872/2180]  loss: 21.78 MW
  Epoch 10 [1308/2180]  loss: 24.44 MW
  Epoch 10 [1744/2180]  loss: 23.25 MW
  Epoch 10 [2180/2180]  loss: 21.40 MW
Epoch  10/50  train: 22.78  val: 45.86  (45s)
  ✓ Saved best model  (val_loss=45.86)
  Epoch 11 [436/2180]  loss: 19.85 MW
  Epoch 11 [872/2180]  loss: 20.12 MW
  Epoch 11 [1308/2180]  loss: 21.17 MW
  Epoch 11 [1744/2180]  loss: 23.28 MW
  Epoch 11 [2180/2180]  loss: 27.56 MW
Epoch  11/50  train: 21.69  val: 45.68  (45s)
  ✓ Saved best model  (val_loss=45.68)
  Epoch 12 [436/2180]  loss: 19.95 MW
  Epoch 12 [872/2180]  loss: 19.90 MW
  Epoch 12 [1308/2180]  loss: 19.73 MW
  Epoch 12 [1744/2180]  loss: 23.32 MW
  Epoch 12 [2180/2180]  loss: 17.46 MW
Epoch  12/50  train: 20.73  val: 45.74  (45s)
  Epoch 13 [436/2180]  loss: 19.55 MW
  Epoch 13 [872/2180]  loss: 19.72 MW
  Epoch 13 [1308/2180]  loss: 17.84 MW
  Epoch 13 [1744/2180]  loss: 21.56 MW
  Epoch 13 [2180/2180]  loss: 19.60 MW
Epoch  13/50  train: 20.00  val: 46.07  (45s)
  Epoch 14 [436/2180]  loss: 19.39 MW
  Epoch 14 [872/2180]  loss: 17.62 MW
  Epoch 14 [1308/2180]  loss: 21.62 MW
  Epoch 14 [1744/2180]  loss: 19.07 MW
  Epoch 14 [2180/2180]  loss: 18.53 MW
Epoch  14/50  train: 19.29  val: 44.83  (45s)
  ✓ Saved best model  (val_loss=44.83)
  Epoch 15 [436/2180]  loss: 17.90 MW
  Epoch 15 [872/2180]  loss: 17.47 MW
  Epoch 15 [1308/2180]  loss: 19.94 MW
  Epoch 15 [1744/2180]  loss: 18.23 MW
  Epoch 15 [2180/2180]  loss: 18.57 MW
Epoch  15/50  train: 18.63  val: 45.94  (45s)
  Epoch 16 [436/2180]  loss: 18.14 MW
  Epoch 16 [872/2180]  loss: 20.25 MW
  Epoch 16 [1308/2180]  loss: 16.57 MW
  Epoch 16 [1744/2180]  loss: 19.93 MW
  Epoch 16 [2180/2180]  loss: 16.16 MW
Epoch  16/50  train: 18.05  val: 44.60  (45s)
  ✓ Saved best model  (val_loss=44.60)
  Epoch 17 [436/2180]  loss: 14.36 MW
  Epoch 17 [872/2180]  loss: 18.76 MW
  Epoch 17 [1308/2180]  loss: 17.94 MW
  Epoch 17 [1744/2180]  loss: 16.58 MW
  Epoch 17 [2180/2180]  loss: 23.68 MW
Epoch  17/50  train: 17.42  val: 45.41  (45s)
  Epoch 18 [436/2180]  loss: 18.01 MW
  Epoch 18 [872/2180]  loss: 15.77 MW
  Epoch 18 [1308/2180]  loss: 17.01 MW
  Epoch 18 [1744/2180]  loss: 14.96 MW
  Epoch 18 [2180/2180]  loss: 18.43 MW
Epoch  18/50  train: 16.85  val: 45.76  (45s)
  Epoch 19 [436/2180]  loss: 16.39 MW
  Epoch 19 [872/2180]  loss: 17.01 MW
  Epoch 19 [1308/2180]  loss: 16.08 MW
  Epoch 19 [1744/2180]  loss: 13.91 MW
  Epoch 19 [2180/2180]  loss: 13.50 MW
Epoch  19/50  train: 16.48  val: 45.67  (45s)
  Epoch 20 [436/2180]  loss: 16.79 MW
  Epoch 20 [872/2180]  loss: 13.82 MW
  Epoch 20 [1308/2180]  loss: 17.41 MW
  Epoch 20 [1744/2180]  loss: 14.53 MW
  Epoch 20 [2180/2180]  loss: 17.47 MW
Epoch  20/50  train: 15.97  val: 45.07  (45s)
  Epoch 21 [436/2180]  loss: 16.61 MW
  Epoch 21 [872/2180]  loss: 14.45 MW
  Epoch 21 [1308/2180]  loss: 17.00 MW
  Epoch 21 [1744/2180]  loss: 17.23 MW
  Epoch 21 [2180/2180]  loss: 16.95 MW
Epoch  21/50  train: 15.61  val: 45.15  (45s)
  Epoch 22 [436/2180]  loss: 14.95 MW
  Epoch 22 [872/2180]  loss: 14.62 MW
  Epoch 22 [1308/2180]  loss: 15.39 MW
  Epoch 22 [1744/2180]  loss: 16.25 MW
  Epoch 22 [2180/2180]  loss: 13.89 MW
Epoch  22/50  train: 15.16  val: 45.58  (45s)
  Epoch 23 [436/2180]  loss: 14.05 MW
  Epoch 23 [872/2180]  loss: 13.78 MW
  Epoch 23 [1308/2180]  loss: 15.37 MW
  Epoch 23 [1744/2180]  loss: 14.73 MW
  Epoch 23 [2180/2180]  loss: 13.88 MW
Epoch  23/50  train: 14.84  val: 45.03  (45s)
  Epoch 24 [436/2180]  loss: 14.97 MW
  Epoch 24 [872/2180]  loss: 14.58 MW
  Epoch 24 [1308/2180]  loss: 15.54 MW
  Epoch 24 [1744/2180]  loss: 14.01 MW
  Epoch 24 [2180/2180]  loss: 13.88 MW
Epoch  24/50  train: 14.44  val: 44.33  (45s)
  ✓ Saved best model  (val_loss=44.33)
  Epoch 25 [436/2180]  loss: 15.58 MW
  Epoch 25 [872/2180]  loss: 13.20 MW
  Epoch 25 [1308/2180]  loss: 15.26 MW
  Epoch 25 [1744/2180]  loss: 12.60 MW
  Epoch 25 [2180/2180]  loss: 13.19 MW
Epoch  25/50  train: 14.10  val: 45.19  (45s)
  Epoch 26 [436/2180]  loss: 13.14 MW
  Epoch 26 [872/2180]  loss: 14.15 MW
  Epoch 26 [1308/2180]  loss: 15.57 MW
  Epoch 26 [1744/2180]  loss: 13.86 MW
  Epoch 26 [2180/2180]  loss: 15.13 MW
Epoch  26/50  train: 13.77  val: 45.57  (45s)
  Epoch 27 [436/2180]  loss: 12.29 MW
  Epoch 27 [872/2180]  loss: 13.41 MW
  Epoch 27 [1308/2180]  loss: 14.21 MW
  Epoch 27 [1744/2180]  loss: 14.63 MW
  Epoch 27 [2180/2180]  loss: 15.30 MW
Epoch  27/50  train: 13.57  val: 45.58  (45s)
  Epoch 28 [436/2180]  loss: 14.51 MW
  Epoch 28 [872/2180]  loss: 13.66 MW
  Epoch 28 [1308/2180]  loss: 14.21 MW
  Epoch 28 [1744/2180]  loss: 13.04 MW
  Epoch 28 [2180/2180]  loss: 14.77 MW
Epoch  28/50  train: 13.18  val: 45.53  (45s)
  Epoch 29 [436/2180]  loss: 12.62 MW
  Epoch 29 [872/2180]  loss: 11.58 MW
  Epoch 29 [1308/2180]  loss: 14.79 MW
  Epoch 29 [1744/2180]  loss: 12.78 MW
  Epoch 29 [2180/2180]  loss: 11.07 MW
Epoch  29/50  train: 12.94  val: 45.57  (45s)
  Epoch 30 [436/2180]  loss: 11.12 MW
  Epoch 30 [872/2180]  loss: 13.06 MW
  Epoch 30 [1308/2180]  loss: 13.01 MW
  Epoch 30 [1744/2180]  loss: 11.54 MW
  Epoch 30 [2180/2180]  loss: 14.23 MW
Epoch  30/50  train: 12.66  val: 44.79  (45s)
  Epoch 31 [436/2180]  loss: 13.00 MW
  Epoch 31 [872/2180]  loss: 10.93 MW
  Epoch 31 [1308/2180]  loss: 11.27 MW
  Epoch 31 [1744/2180]  loss: 12.47 MW
  Epoch 31 [2180/2180]  loss: 11.38 MW
Epoch  31/50  train: 12.41  val: 45.25  (45s)
  Epoch 32 [436/2180]  loss: 10.96 MW
  Epoch 32 [872/2180]  loss: 12.49 MW
  Epoch 32 [1308/2180]  loss: 11.28 MW
  Epoch 32 [1744/2180]  loss: 11.08 MW
  Epoch 32 [2180/2180]  loss: 10.89 MW
Epoch  32/50  train: 12.17  val: 44.57  (45s)
  Epoch 33 [436/2180]  loss: 11.47 MW
  Epoch 33 [872/2180]  loss: 12.41 MW
  Epoch 33 [1308/2180]  loss: 11.18 MW
  Epoch 33 [1744/2180]  loss: 11.48 MW
  Epoch 33 [2180/2180]  loss: 11.49 MW
Epoch  33/50  train: 11.96  val: 45.19  (45s)
  Epoch 34 [436/2180]  loss: 11.17 MW
  Epoch 34 [872/2180]  loss: 11.66 MW
  Epoch 34 [1308/2180]  loss: 12.64 MW
  Epoch 34 [1744/2180]  loss: 11.74 MW
  Epoch 34 [2180/2180]  loss: 15.72 MW
Epoch  34/50  train: 11.75  val: 44.95  (45s)
  Epoch 35 [436/2180]  loss: 10.73 MW
  Epoch 35 [872/2180]  loss: 12.03 MW
  Epoch 35 [1308/2180]  loss: 11.79 MW
  Epoch 35 [1744/2180]  loss: 12.12 MW
  Epoch 35 [2180/2180]  loss: 11.50 MW
Epoch  35/50  train: 11.56  val: 44.66  (45s)
  Epoch 36 [436/2180]  loss: 12.55 MW
  Epoch 36 [872/2180]  loss: 11.41 MW
  Epoch 36 [1308/2180]  loss: 12.27 MW
  Epoch 36 [1744/2180]  loss: 10.96 MW
  Epoch 36 [2180/2180]  loss: 10.78 MW
Epoch  36/50  train: 11.38  val: 44.78  (45s)
  Epoch 37 [436/2180]  loss: 10.39 MW
  Epoch 37 [872/2180]  loss: 12.04 MW
  Epoch 37 [1308/2180]  loss: 11.14 MW
  Epoch 37 [1744/2180]  loss: 11.30 MW
  Epoch 37 [2180/2180]  loss: 12.72 MW
Epoch  37/50  train: 11.22  val: 45.03  (45s)
  Epoch 38 [436/2180]  loss: 10.41 MW
  Epoch 38 [872/2180]  loss: 10.51 MW
  Epoch 38 [1308/2180]  loss: 12.11 MW
  Epoch 38 [1744/2180]  loss: 11.42 MW
  Epoch 38 [2180/2180]  loss: 11.24 MW
Epoch  38/50  train: 11.07  val: 44.63  (45s)
  Epoch 39 [436/2180]  loss: 11.41 MW
  Epoch 39 [872/2180]  loss: 11.81 MW
  Epoch 39 [1308/2180]  loss: 11.26 MW
  Epoch 39 [1744/2180]  loss: 12.09 MW
  Epoch 39 [2180/2180]  loss: 11.79 MW
Epoch  39/50  train: 10.93  val: 45.24  (45s)
  Epoch 40 [436/2180]  loss: 11.19 MW
  Epoch 40 [872/2180]  loss: 11.46 MW
  Epoch 40 [1308/2180]  loss: 10.45 MW
  Epoch 40 [1744/2180]  loss: 10.34 MW
  Epoch 40 [2180/2180]  loss: 8.73 MW
Epoch  40/50  train: 10.79  val: 45.41  (45s)
  Epoch 41 [436/2180]  loss: 9.98 MW
  Epoch 41 [872/2180]  loss: 11.57 MW
  Epoch 41 [1308/2180]  loss: 11.33 MW
  Epoch 41 [1744/2180]  loss: 10.92 MW
  Epoch 41 [2180/2180]  loss: 10.49 MW
Epoch  41/50  train: 10.68  val: 44.98  (45s)
  Epoch 42 [436/2180]  loss: 9.62 MW
  Epoch 42 [872/2180]  loss: 9.97 MW
  Epoch 42 [1308/2180]  loss: 9.46 MW
  Epoch 42 [1744/2180]  loss: 10.93 MW
  Epoch 42 [2180/2180]  loss: 9.48 MW
Epoch  42/50  train: 10.60  val: 45.03  (45s)
  Epoch 43 [436/2180]  loss: 10.74 MW
  Epoch 43 [872/2180]  loss: 10.87 MW
  Epoch 43 [1308/2180]  loss: 10.39 MW
  Epoch 43 [1744/2180]  loss: 10.18 MW
  Epoch 43 [2180/2180]  loss: 11.18 MW
Epoch  43/50  train: 10.50  val: 45.16  (45s)
  Epoch 44 [436/2180]  loss: 10.03 MW
  Epoch 44 [872/2180]  loss: 9.18 MW
  Epoch 44 [1308/2180]  loss: 9.87 MW
  Epoch 44 [1744/2180]  loss: 9.08 MW
  Epoch 44 [2180/2180]  loss: 10.04 MW
Epoch  44/50  train: 10.42  val: 44.89  (45s)
  Epoch 45 [436/2180]  loss: 9.72 MW
  Epoch 45 [872/2180]  loss: 9.37 MW
  Epoch 45 [1308/2180]  loss: 9.93 MW
  Epoch 45 [1744/2180]  loss: 10.54 MW
  Epoch 45 [2180/2180]  loss: 12.49 MW
Epoch  45/50  train: 10.37  val: 45.10  (45s)
  Epoch 46 [436/2180]  loss: 9.50 MW
  Epoch 46 [872/2180]  loss: 9.87 MW
  Epoch 46 [1308/2180]  loss: 9.57 MW
  Epoch 46 [1744/2180]  loss: 10.55 MW
  Epoch 46 [2180/2180]  loss: 9.72 MW
Epoch  46/50  train: 10.30  val: 45.01  (45s)
  Epoch 47 [436/2180]  loss: 11.28 MW
  Epoch 47 [872/2180]  loss: 9.86 MW
  Epoch 47 [1308/2180]  loss: 9.33 MW
  Epoch 47 [1744/2180]  loss: 9.92 MW
  Epoch 47 [2180/2180]  loss: 8.56 MW
Epoch  47/50  train: 10.26  val: 45.08  (45s)
  Epoch 48 [436/2180]  loss: 10.01 MW
  Epoch 48 [872/2180]  loss: 9.44 MW
  Epoch 48 [1308/2180]  loss: 9.97 MW
  Epoch 48 [1744/2180]  loss: 10.14 MW
  Epoch 48 [2180/2180]  loss: 10.48 MW
Epoch  48/50  train: 10.23  val: 45.07  (45s)
  Epoch 49 [436/2180]  loss: 10.17 MW
  Epoch 49 [872/2180]  loss: 10.05 MW
  Epoch 49 [1308/2180]  loss: 11.62 MW
  Epoch 49 [1744/2180]  loss: 10.06 MW
  Epoch 49 [2180/2180]  loss: 11.29 MW
Epoch  49/50  train: 10.18  val: 45.03  (45s)
  Epoch 50 [436/2180]  loss: 10.08 MW
  Epoch 50 [872/2180]  loss: 10.36 MW
  Epoch 50 [1308/2180]  loss: 9.61 MW
  Epoch 50 [1744/2180]  loss: 9.85 MW
  Epoch 50 [2180/2180]  loss: 10.36 MW
Epoch  50/50  train: 10.17  val: 44.84  (45s)

Training complete.  Best val loss: 44.33
