Device: cuda
Building datasets …
  Preloading 34,991 weather files …
  Weather cache ready.
  Preloading 8,832 weather files …
  Weather cache ready.
  Train samples: 34,896   Val samples: 8,737
  Demand stats — mean: 1660.4 MW, std: 345.4 MW
  Trainable parameters: 877,064
  Transformer sequence length: 2,496 tokens
  Epoch 1 [436/2181]  loss: 102.87 MW
  Epoch 1 [872/2181]  loss: 98.00 MW
  Epoch 1 [1308/2181]  loss: 86.09 MW
  Epoch 1 [1744/2181]  loss: 63.69 MW
  Epoch 1 [2180/2181]  loss: 62.65 MW
Epoch   1/50  train: 104.35  val: 90.56  (319s)
  ✓ Saved best model  (val_loss=90.56)
  Epoch 2 [436/2181]  loss: 63.83 MW
  Epoch 2 [872/2181]  loss: 70.21 MW
  Epoch 2 [1308/2181]  loss: 58.10 MW
  Epoch 2 [1744/2181]  loss: 67.22 MW
  Epoch 2 [2180/2181]  loss: 50.30 MW
Epoch   2/50  train: 62.95  val: 75.60  (317s)
  ✓ Saved best model  (val_loss=75.60)
  Epoch 3 [436/2181]  loss: 59.75 MW
  Epoch 3 [872/2181]  loss: 43.14 MW
  Epoch 3 [1308/2181]  loss: 48.98 MW
  Epoch 3 [1744/2181]  loss: 46.00 MW
  Epoch 3 [2180/2181]  loss: 43.14 MW
Epoch   3/50  train: 48.83  val: 63.39  (317s)
  ✓ Saved best model  (val_loss=63.39)
  Epoch 4 [436/2181]  loss: 36.68 MW
  Epoch 4 [872/2181]  loss: 40.18 MW
  Epoch 4 [1308/2181]  loss: 35.25 MW
  Epoch 4 [1744/2181]  loss: 40.16 MW
  Epoch 4 [2180/2181]  loss: 38.21 MW
Epoch   4/50  train: 41.25  val: 65.99  (317s)
  Epoch 5 [436/2181]  loss: 40.76 MW
  Epoch 5 [872/2181]  loss: 38.52 MW
  Epoch 5 [1308/2181]  loss: 33.65 MW
  Epoch 5 [1744/2181]  loss: 31.02 MW
  Epoch 5 [2180/2181]  loss: 35.13 MW
Epoch   5/50  train: 36.15  val: 59.80  (317s)
  ✓ Saved best model  (val_loss=59.80)
  Epoch 6 [436/2181]  loss: 35.58 MW
  Epoch 6 [872/2181]  loss: 35.66 MW
  Epoch 6 [1308/2181]  loss: 28.63 MW
  Epoch 6 [1744/2181]  loss: 28.21 MW
  Epoch 6 [2180/2181]  loss: 30.33 MW
Epoch   6/50  train: 32.74  val: 58.74  (317s)
  ✓ Saved best model  (val_loss=58.74)
  Epoch 7 [436/2181]  loss: 37.10 MW
  Epoch 7 [872/2181]  loss: 35.73 MW
  Epoch 7 [1308/2181]  loss: 32.46 MW
  Epoch 7 [1744/2181]  loss: 30.42 MW
  Epoch 7 [2180/2181]  loss: 27.62 MW
Epoch   7/50  train: 30.21  val: 60.62  (317s)
  Epoch 8 [436/2181]  loss: 30.58 MW
  Epoch 8 [872/2181]  loss: 30.32 MW
  Epoch 8 [1308/2181]  loss: 35.28 MW
  Epoch 8 [1744/2181]  loss: 24.93 MW
  Epoch 8 [2180/2181]  loss: 21.33 MW
Epoch   8/50  train: 28.46  val: 60.69  (317s)
  Epoch 9 [436/2181]  loss: 28.10 MW
  Epoch 9 [872/2181]  loss: 25.21 MW
  Epoch 9 [1308/2181]  loss: 25.89 MW
  Epoch 9 [1744/2181]  loss: 26.44 MW
  Epoch 9 [2180/2181]  loss: 26.73 MW
Epoch   9/50  train: 26.71  val: 59.31  (317s)
  Epoch 10 [436/2181]  loss: 26.00 MW
  Epoch 10 [872/2181]  loss: 25.82 MW
  Epoch 10 [1308/2181]  loss: 20.46 MW
  Epoch 10 [1744/2181]  loss: 25.28 MW
  Epoch 10 [2180/2181]  loss: 23.25 MW
Epoch  10/50  train: 25.44  val: 58.90  (317s)
  Epoch 11 [436/2181]  loss: 26.24 MW
  Epoch 11 [872/2181]  loss: 23.38 MW
  Epoch 11 [1308/2181]  loss: 23.21 MW
  Epoch 11 [1744/2181]  loss: 21.76 MW
  Epoch 11 [2180/2181]  loss: 28.69 MW
Epoch  11/50  train: 24.52  val: 58.83  (317s)
  Epoch 12 [436/2181]  loss: 27.70 MW
  Epoch 12 [872/2181]  loss: 25.73 MW
  Epoch 12 [1308/2181]  loss: 21.50 MW
  Epoch 12 [1744/2181]  loss: 21.16 MW
  Epoch 12 [2180/2181]  loss: 21.40 MW
Epoch  12/50  train: 23.56  val: 56.97  (317s)
  ✓ Saved best model  (val_loss=56.97)
  Epoch 13 [436/2181]  loss: 22.19 MW
  Epoch 13 [872/2181]  loss: 22.42 MW
  Epoch 13 [1308/2181]  loss: 23.59 MW
  Epoch 13 [1744/2181]  loss: 24.76 MW
  Epoch 13 [2180/2181]  loss: 23.10 MW
Epoch  13/50  train: 22.64  val: 59.34  (317s)
  Epoch 14 [436/2181]  loss: 22.28 MW
  Epoch 14 [872/2181]  loss: 25.21 MW
  Epoch 14 [1308/2181]  loss: 20.12 MW
  Epoch 14 [1744/2181]  loss: 19.96 MW
  Epoch 14 [2180/2181]  loss: 20.78 MW
Epoch  14/50  train: 21.87  val: 58.58  (317s)
  Epoch 15 [436/2181]  loss: 22.64 MW
  Epoch 15 [872/2181]  loss: 26.94 MW
  Epoch 15 [1308/2181]  loss: 23.56 MW
  Epoch 15 [1744/2181]  loss: 18.87 MW
  Epoch 15 [2180/2181]  loss: 19.86 MW
Epoch  15/50  train: 21.30  val: 61.22  (317s)
  Epoch 16 [436/2181]  loss: 18.87 MW
  Epoch 16 [872/2181]  loss: 19.03 MW
  Epoch 16 [1308/2181]  loss: 21.03 MW
  Epoch 16 [1744/2181]  loss: 19.85 MW
  Epoch 16 [2180/2181]  loss: 19.92 MW
Epoch  16/50  train: 20.64  val: 58.76  (317s)
  Epoch 17 [436/2181]  loss: 17.57 MW
  Epoch 17 [872/2181]  loss: 19.27 MW
  Epoch 17 [1308/2181]  loss: 18.55 MW
  Epoch 17 [1744/2181]  loss: 18.97 MW
  Epoch 17 [2180/2181]  loss: 21.08 MW
Epoch  17/50  train: 19.98  val: 59.16  (317s)
  Epoch 18 [436/2181]  loss: 20.30 MW
  Epoch 18 [872/2181]  loss: 20.01 MW
  Epoch 18 [1308/2181]  loss: 21.86 MW
  Epoch 18 [1744/2181]  loss: 19.01 MW
  Epoch 18 [2180/2181]  loss: 17.09 MW
Epoch  18/50  train: 19.52  val: 58.11  (317s)
  Epoch 19 [436/2181]  loss: 20.78 MW
  Epoch 19 [872/2181]  loss: 18.73 MW
  Epoch 19 [1308/2181]  loss: 20.27 MW
  Epoch 19 [1744/2181]  loss: 17.94 MW
  Epoch 19 [2180/2181]  loss: 20.65 MW
Epoch  19/50  train: 18.99  val: 57.78  (317s)
  Epoch 20 [436/2181]  loss: 17.77 MW
  Epoch 20 [872/2181]  loss: 19.56 MW
  Epoch 20 [1308/2181]  loss: 15.97 MW
  Epoch 20 [1744/2181]  loss: 16.69 MW
  Epoch 20 [2180/2181]  loss: 18.61 MW
Epoch  20/50  train: 18.54  val: 59.59  (316s)
  Epoch 21 [436/2181]  loss: 16.18 MW
  Epoch 21 [872/2181]  loss: 16.84 MW
  Epoch 21 [1308/2181]  loss: 20.34 MW
  Epoch 21 [1744/2181]  loss: 15.87 MW
  Epoch 21 [2180/2181]  loss: 16.61 MW
Epoch  21/50  train: 18.18  val: 58.07  (317s)
  Epoch 22 [436/2181]  loss: 20.61 MW
  Epoch 22 [872/2181]  loss: 16.22 MW
  Epoch 22 [1308/2181]  loss: 18.03 MW
  Epoch 22 [1744/2181]  loss: 18.07 MW
  Epoch 22 [2180/2181]  loss: 17.46 MW
Epoch  22/50  train: 17.64  val: 57.24  (317s)
  Epoch 23 [436/2181]  loss: 17.65 MW
  Epoch 23 [872/2181]  loss: 15.92 MW
  Epoch 23 [1308/2181]  loss: 19.02 MW
  Epoch 23 [1744/2181]  loss: 17.34 MW
  Epoch 23 [2180/2181]  loss: 15.28 MW
Epoch  23/50  train: 17.25  val: 57.62  (317s)
  Epoch 24 [436/2181]  loss: 18.17 MW
  Epoch 24 [872/2181]  loss: 19.90 MW
  Epoch 24 [1308/2181]  loss: 17.72 MW
  Epoch 24 [1744/2181]  loss: 18.51 MW
  Epoch 24 [2180/2181]  loss: 16.40 MW
Epoch  24/50  train: 16.86  val: 58.82  (316s)
  Epoch 25 [436/2181]  loss: 15.63 MW
  Epoch 25 [872/2181]  loss: 16.77 MW
  Epoch 25 [1308/2181]  loss: 16.12 MW
  Epoch 25 [1744/2181]  loss: 16.45 MW
  Epoch 25 [2180/2181]  loss: 15.64 MW
Epoch  25/50  train: 16.52  val: 57.75  (317s)
  Epoch 26 [436/2181]  loss: 14.77 MW
  Epoch 26 [872/2181]  loss: 15.80 MW
  Epoch 26 [1308/2181]  loss: 16.41 MW
  Epoch 26 [1744/2181]  loss: 16.84 MW
  Epoch 26 [2180/2181]  loss: 16.17 MW
Epoch  26/50  train: 16.19  val: 57.56  (317s)
  Epoch 27 [436/2181]  loss: 15.39 MW
  Epoch 27 [872/2181]  loss: 19.10 MW
  Epoch 27 [1308/2181]  loss: 14.53 MW
  Epoch 27 [1744/2181]  loss: 15.12 MW
  Epoch 27 [2180/2181]  loss: 16.14 MW
Epoch  27/50  train: 15.88  val: 57.59  (317s)
  Epoch 28 [436/2181]  loss: 13.72 MW
  Epoch 28 [872/2181]  loss: 14.93 MW
  Epoch 28 [1308/2181]  loss: 16.13 MW
  Epoch 28 [1744/2181]  loss: 16.38 MW
  Epoch 28 [2180/2181]  loss: 15.97 MW
Epoch  28/50  train: 15.56  val: 56.90  (317s)
  ✓ Saved best model  (val_loss=56.90)
  Epoch 29 [436/2181]  loss: 14.51 MW
  Epoch 29 [872/2181]  loss: 13.73 MW
  Epoch 29 [1308/2181]  loss: 15.50 MW
  Epoch 29 [1744/2181]  loss: 15.22 MW
  Epoch 29 [2180/2181]  loss: 15.70 MW
Epoch  29/50  train: 15.30  val: 57.67  (317s)
  Epoch 30 [436/2181]  loss: 15.20 MW
  Epoch 30 [872/2181]  loss: 13.27 MW
  Epoch 30 [1308/2181]  loss: 13.67 MW
  Epoch 30 [1744/2181]  loss: 15.16 MW
  Epoch 30 [2180/2181]  loss: 15.79 MW
Epoch  30/50  train: 15.01  val: 57.59  (317s)
  Epoch 31 [436/2181]  loss: 13.36 MW
  Epoch 31 [872/2181]  loss: 15.45 MW
  Epoch 31 [1308/2181]  loss: 15.17 MW
  Epoch 31 [1744/2181]  loss: 13.55 MW
  Epoch 31 [2180/2181]  loss: 13.01 MW
Epoch  31/50  train: 14.76  val: 58.55  (316s)
  Epoch 32 [436/2181]  loss: 15.30 MW
  Epoch 32 [872/2181]  loss: 15.02 MW
  Epoch 32 [1308/2181]  loss: 13.15 MW
  Epoch 32 [1744/2181]  loss: 15.62 MW
  Epoch 32 [2180/2181]  loss: 18.51 MW
Epoch  32/50  train: 14.52  val: 58.15  (317s)
  Epoch 33 [436/2181]  loss: 12.79 MW
  Epoch 33 [872/2181]  loss: 14.22 MW
  Epoch 33 [1308/2181]  loss: 13.34 MW
  Epoch 33 [1744/2181]  loss: 14.53 MW
  Epoch 33 [2180/2181]  loss: 13.72 MW
Epoch  33/50  train: 14.29  val: 58.12  (317s)
  Epoch 34 [436/2181]  loss: 13.12 MW
  Epoch 34 [872/2181]  loss: 15.03 MW
  Epoch 34 [1308/2181]  loss: 13.76 MW
  Epoch 34 [1744/2181]  loss: 13.52 MW
  Epoch 34 [2180/2181]  loss: 13.47 MW
Epoch  34/50  train: 14.10  val: 57.69  (316s)
  Epoch 35 [436/2181]  loss: 14.12 MW
  Epoch 35 [872/2181]  loss: 13.02 MW
  Epoch 35 [1308/2181]  loss: 14.03 MW
  Epoch 35 [1744/2181]  loss: 14.56 MW
  Epoch 35 [2180/2181]  loss: 12.44 MW
Epoch  35/50  train: 13.87  val: 57.98  (316s)
  Epoch 36 [436/2181]  loss: 13.32 MW
  Epoch 36 [872/2181]  loss: 13.83 MW
  Epoch 36 [1308/2181]  loss: 14.05 MW
  Epoch 36 [1744/2181]  loss: 13.23 MW
  Epoch 36 [2180/2181]  loss: 13.05 MW
Epoch  36/50  train: 13.69  val: 57.77  (316s)
  Epoch 37 [436/2181]  loss: 13.04 MW
  Epoch 37 [872/2181]  loss: 14.58 MW
  Epoch 37 [1308/2181]  loss: 13.49 MW
  Epoch 37 [1744/2181]  loss: 14.90 MW
  Epoch 37 [2180/2181]  loss: 12.88 MW
Epoch  37/50  train: 13.52  val: 58.25  (316s)
  Epoch 38 [436/2181]  loss: 15.77 MW
  Epoch 38 [872/2181]  loss: 12.36 MW
  Epoch 38 [1308/2181]  loss: 12.30 MW
  Epoch 38 [1744/2181]  loss: 15.09 MW
  Epoch 38 [2180/2181]  loss: 12.60 MW
Epoch  38/50  train: 13.37  val: 58.11  (316s)
  Epoch 39 [436/2181]  loss: 13.22 MW
  Epoch 39 [872/2181]  loss: 13.76 MW
  Epoch 39 [1308/2181]  loss: 12.59 MW
  Epoch 39 [1744/2181]  loss: 13.31 MW
  Epoch 39 [2180/2181]  loss: 15.38 MW
Epoch  39/50  train: 13.23  val: 58.14  (316s)
  Epoch 40 [436/2181]  loss: 11.12 MW
  Epoch 40 [872/2181]  loss: 13.46 MW
  Epoch 40 [1308/2181]  loss: 12.30 MW
  Epoch 40 [1744/2181]  loss: 12.66 MW
  Epoch 40 [2180/2181]  loss: 15.84 MW
Epoch  40/50  train: 13.10  val: 57.87  (316s)
  Epoch 41 [436/2181]  loss: 12.55 MW
  Epoch 41 [872/2181]  loss: 13.99 MW
  Epoch 41 [1308/2181]  loss: 12.94 MW
  Epoch 41 [1744/2181]  loss: 13.58 MW
  Epoch 41 [2180/2181]  loss: 14.62 MW
Epoch  41/50  train: 12.98  val: 58.18  (316s)
  Epoch 42 [436/2181]  loss: 12.35 MW
  Epoch 42 [872/2181]  loss: 13.07 MW
  Epoch 42 [1308/2181]  loss: 13.21 MW
  Epoch 42 [1744/2181]  loss: 11.98 MW
  Epoch 42 [2180/2181]  loss: 12.73 MW
Epoch  42/50  train: 12.87  val: 58.18  (316s)
  Epoch 43 [436/2181]  loss: 12.11 MW
  Epoch 43 [872/2181]  loss: 12.15 MW
  Epoch 43 [1308/2181]  loss: 14.22 MW
  Epoch 43 [1744/2181]  loss: 12.42 MW
  Epoch 43 [2180/2181]  loss: 12.27 MW
Epoch  43/50  train: 12.77  val: 57.93  (316s)
  Epoch 44 [436/2181]  loss: 14.90 MW
  Epoch 44 [872/2181]  loss: 11.77 MW
  Epoch 44 [1308/2181]  loss: 11.98 MW
  Epoch 44 [1744/2181]  loss: 12.36 MW
  Epoch 44 [2180/2181]  loss: 14.58 MW
Epoch  44/50  train: 12.69  val: 57.88  (316s)
  Epoch 45 [436/2181]  loss: 11.89 MW
  Epoch 45 [872/2181]  loss: 11.25 MW
  Epoch 45 [1308/2181]  loss: 13.18 MW
  Epoch 45 [1744/2181]  loss: 11.77 MW
  Epoch 45 [2180/2181]  loss: 12.62 MW
Epoch  45/50  train: 12.63  val: 58.04  (316s)
  Epoch 46 [436/2181]  loss: 12.88 MW
  Epoch 46 [872/2181]  loss: 11.60 MW
  Epoch 46 [1308/2181]  loss: 11.24 MW
  Epoch 46 [1744/2181]  loss: 12.94 MW
  Epoch 46 [2180/2181]  loss: 12.82 MW
Epoch  46/50  train: 12.57  val: 57.96  (316s)
  Epoch 47 [436/2181]  loss: 12.46 MW
  Epoch 47 [872/2181]  loss: 12.45 MW
  Epoch 47 [1308/2181]  loss: 13.77 MW
  Epoch 47 [1744/2181]  loss: 11.94 MW
  Epoch 47 [2180/2181]  loss: 14.75 MW
Epoch  47/50  train: 12.51  val: 58.05  (316s)
  Epoch 48 [436/2181]  loss: 13.27 MW
  Epoch 48 [872/2181]  loss: 12.19 MW
  Epoch 48 [1308/2181]  loss: 12.04 MW
  Epoch 48 [1744/2181]  loss: 11.50 MW
  Epoch 48 [2180/2181]  loss: 11.52 MW
Epoch  48/50  train: 12.48  val: 58.06  (316s)
  Epoch 49 [436/2181]  loss: 12.36 MW
  Epoch 49 [872/2181]  loss: 12.65 MW
  Epoch 49 [1308/2181]  loss: 12.44 MW
  Epoch 49 [1744/2181]  loss: 11.47 MW
  Epoch 49 [2180/2181]  loss: 13.38 MW
Epoch  49/50  train: 12.44  val: 58.15  (316s)
  Epoch 50 [436/2181]  loss: 12.35 MW
  Epoch 50 [872/2181]  loss: 12.64 MW
  Epoch 50 [1308/2181]  loss: 12.71 MW
  Epoch 50 [1744/2181]  loss: 13.50 MW
  Epoch 50 [2180/2181]  loss: 11.36 MW
Epoch  50/50  train: 12.43  val: 58.02  (316s)

Training complete.  Best val loss: 56.90
